#
# There is insufficient memory for the Java Runtime Environment to continue.
# Native memory allocation (mmap) failed to map 425721856 bytes for Failed to commit area from 0x000000008eb00000 to 0x00000000a8100000 of length 425721856.
# Possible reasons:
#   The system is out of physical RAM or swap space
#   The process is running with CompressedOops enabled, and the Java Heap may be blocking the growth of the native heap
# Possible solutions:
#   Reduce memory load on the system
#   Increase physical memory or swap space
#   Check if swap backing store is full
#   Decrease Java heap size (-Xmx/-Xms)
#   Decrease number of Java threads
#   Decrease Java thread stack sizes (-Xss)
#   Set larger code cache with -XX:ReservedCodeCacheSize=
#   JVM is running with Unscaled Compressed Oops mode in which the Java heap is
#     placed in the first 4GB address space. The Java Heap base address is the
#     maximum limit for the native heap growth. Please use -XX:HeapBaseMinAddress
#     to set the Java Heap base and to place the Java Heap above 4GB virtual address.
# This output file may be truncated or incomplete.
#
#  Out of Memory Error (t:/workspace/open/src/hotspot/os/windows/os_windows.cpp:3301), pid=10420, tid=19340
#
# JRE version: Java(TM) SE Runtime Environment (13.0.2+8) (build 13.0.2+8)
# Java VM: Java HotSpot(TM) 64-Bit Server VM (13.0.2+8, mixed mode, sharing, tiered, compressed oops, g1 gc, windows-amd64)
# No core dump will be written. Minidumps are not enabled by default on client versions of Windows
#

---------------  S U M M A R Y ------------

Command Line: -Dfile.encoding=MS932 --module-path=F:\DemoGUI\SQL\mssql-jdbc-8.2.2.jre13.jar Manager.Main

Host: Intel(R) Core(TM) i5-7200U CPU @ 2.50GHz, 4 cores, 7G,  Windows 10 , 64 bit Build 18362 (10.0.18362.1110)
Time: Thu Dec 17 23:48:43 2020 SE Asia Standard Time elapsed time: 4 seconds (0d 0h 0m 4s)

---------------  T H R E A D  ---------------

Current thread (0x0000013f4f3a5000):  VMThread "VM Thread" [stack: 0x00000022c0700000,0x00000022c0800000] [id=19340]

Stack: [0x00000022c0700000,0x00000022c0800000]
[error occurred during error reporting (printing stack bounds), id 0xc0000005, EXCEPTION_ACCESS_VIOLATION (0xc0000005) at pc=0x0000013f38b410ad]

Native frames: (J=compiled Java code, j=interpreted, Vv=VM code, C=native code)
V  [jvm.dll+0x624f9a]
V  [jvm.dll+0x770cfa]
V  [jvm.dll+0x7724af]
V  [jvm.dll+0x772a15]
V  [jvm.dll+0x7729cb]
V  [jvm.dll+0x6244df]
C  [ntdll.dll+0x78c36]
C  [ntdll.dll+0x6a6d6]
C  [ntdll.dll+0xa04be]
C  0x0000013f38b410ad

VM_Operation (0x00000022c01fe7f0): G1CollectForAllocation, mode: safepoint, requested by thread 0x0000013f2ee8c000


---------------  P R O C E S S  ---------------

Threads class SMR info:
_java_thread_list=0x0000013f5061a990, length=15, elements={
0x0000013f2ee8c000, 0x0000013f4f3a9000, 0x0000013f4f3ac800, 0x0000013f4f3d1000,
0x0000013f4f3d2000, 0x0000013f4f3d3000, 0x0000013f4f40e800, 0x0000013f4fd75800,
0x0000013f4f38d000, 0x0000013f50068000, 0x0000013f50145000, 0x0000013f50141000,
0x0000013f50144800, 0x0000013f50146000, 0x0000013f50140800
}

Java Threads: ( => current thread )
  0x0000013f2ee8c000 JavaThread "main" [_thread_blocked, id=19280, stack(0x00000022c0100000,0x00000022c0200000)]
  0x0000013f4f3a9000 JavaThread "Reference Handler" daemon [_thread_blocked, id=20196, stack(0x00000022c0800000,0x00000022c0900000)]
  0x0000013f4f3ac800 JavaThread "Finalizer" daemon [_thread_blocked, id=17824, stack(0x00000022c0900000,0x00000022c0a00000)]
  0x0000013f4f3d1000 JavaThread "Signal Dispatcher" daemon [_thread_blocked, id=19936, stack(0x00000022c0a00000,0x00000022c0b00000)]
  0x0000013f4f3d2000 JavaThread "Attach Listener" daemon [_thread_blocked, id=5932, stack(0x00000022c0b00000,0x00000022c0c00000)]
  0x0000013f4f3d3000 JavaThread "C2 CompilerThread0" daemon [_thread_blocked, id=18328, stack(0x00000022c0c00000,0x00000022c0d00000)]
  0x0000013f4f40e800 JavaThread "C1 CompilerThread0" daemon [_thread_blocked, id=6696, stack(0x00000022c0d00000,0x00000022c0e00000)]
  0x0000013f4fd75800 JavaThread "Sweeper thread" daemon [_thread_blocked, id=13324, stack(0x00000022c0e00000,0x00000022c0f00000)]
  0x0000013f4f38d000 JavaThread "Common-Cleaner" daemon [_thread_blocked, id=15540, stack(0x00000022c0f00000,0x00000022c1000000)]
  0x0000013f50068000 JavaThread "Service Thread" daemon [_thread_blocked, id=20024, stack(0x00000022c1100000,0x00000022c1200000)]
  0x0000013f50145000 JavaThread "Java2D Disposer" daemon [_thread_blocked, id=18012, stack(0x00000022c1300000,0x00000022c1400000)]
  0x0000013f50141000 JavaThread "AWT-Windows" daemon [_thread_in_native, id=16672, stack(0x00000022c1500000,0x00000022c1600000)]
  0x0000013f50144800 JavaThread "Image Fetcher 0" daemon [_thread_blocked, id=12940, stack(0x00000022c1700000,0x00000022c1800000)]
  0x0000013f50146000 JavaThread "AWT-Shutdown" [_thread_blocked, id=17632, stack(0x00000022c1800000,0x00000022c1900000)]
  0x0000013f50140800 JavaThread "AWT-EventQueue-0" [_thread_blocked, id=20152, stack(0x00000022c1900000,0x00000022c1a00000)]

Other Threads:
=>0x0000013f4f3a5000 VMThread "VM Thread" [stack: 0x00000022c0700000,0x00000022c0800000] [id=19340]
  0x0000013f5013e000 WatcherThread [stack: 0x00000022c1200000,0x00000022c1300000] [id=19764]
  0x0000013f2eed1800 GCTaskThread "GC Thread#0" [stack: 0x00000022c0200000,0x00000022c0300000] [id=2964]
  0x0000013f4fe34800 GCTaskThread "GC Thread#1" [stack: 0x00000022c1000000,0x00000022c1100000] [id=13052]
  0x0000013f5046f800 GCTaskThread "GC Thread#2" [stack: 0x00000022c1400000,0x00000022c1500000] [id=19616]
  0x0000013f51373000 GCTaskThread "GC Thread#3" [stack: 0x00000022c1a00000,0x00000022c1b00000] [id=19372]
  0x0000013f2eee4800 ConcurrentGCThread "G1 Main Marker" [stack: 0x00000022c0300000,0x00000022c0400000] [id=11020]
  0x0000013f2eee6000 ConcurrentGCThread "G1 Conc#0" [stack: 0x00000022c0400000,0x00000022c0500000] [id=17972]
  0x0000013f2ef5e800 ConcurrentGCThread "G1 Refine#0" [stack: 0x00000022c0500000,0x00000022c0600000] [id=19408]
  0x0000013f4f224000 ConcurrentGCThread "G1 Young RemSet Sampling" [stack: 0x00000022c0600000,0x00000022c0700000] [id=8372]

Threads with active compile tasks:

VM state:at safepoint (normal execution)

VM Mutex/Monitor currently owned by a thread:  ([mutex/lock_event])
[0x0000013f2ee887f0] Threads_lock - owner thread: 0x0000013f4f3a5000
[0x0000013f2ee89b10] Heap_lock - owner thread: 0x0000013f2ee8c000

Heap address: 0x0000000082000000, size: 2016 MB, Compressed Oops mode: 32-bit
Narrow klass base: 0x0000000800000000, Narrow klass shift: 3
Compressed class space size: 1073741824 Address: 0x0000000800b40000

Heap:
 garbage-first heap   total 623616K, used 194716K [0x0000000082000000, 0x0000000100000000)
  region size 1024K, 2 young (2048K), 2 survivors (2048K)
 Metaspace       used 15603K, capacity 16061K, committed 16128K, reserved 1062912K
  class space    used 1850K, capacity 2043K, committed 2048K, reserved 1048576K
Heap Regions: E=young(eden), S=young(survivor), O=old, HS=humongous(starts), HC=humongous(continues), CS=collection set, F=free, A=archive, TAMS=top-at-mark-start (previous, next)
|   0|0x0000000082000000, 0x0000000082100000, 0x0000000082100000|100%| O|  |TAMS 0x0000000082000000, 0x0000000082100000| Untracked 
|   1|0x0000000082100000, 0x0000000082200000, 0x0000000082200000|100%|HS|  |TAMS 0x0000000082100000, 0x0000000082200000| Complete 
|   2|0x0000000082200000, 0x0000000082300000, 0x0000000082300000|100%| O|  |TAMS 0x0000000082200000, 0x0000000082300000| Untracked 
|   3|0x0000000082300000, 0x0000000082400000, 0x0000000082400000|100%| O|  |TAMS 0x0000000082300000, 0x0000000082400000| Untracked 
|   4|0x0000000082400000, 0x0000000082500000, 0x0000000082500000|100%| O|  |TAMS 0x0000000082400000, 0x0000000082500000| Untracked 
|   5|0x0000000082500000, 0x0000000082600000, 0x0000000082600000|100%| O|  |TAMS 0x0000000082500000, 0x0000000082600000| Untracked 
|   6|0x0000000082600000, 0x0000000082700000, 0x0000000082700000|100%| O|  |TAMS 0x0000000082600000, 0x0000000082700000| Untracked 
|   7|0x0000000082700000, 0x0000000082800000, 0x0000000082800000|100%| O|  |TAMS 0x0000000082700000, 0x0000000082800000| Untracked 
|   8|0x0000000082800000, 0x0000000082900000, 0x0000000082900000|100%| O|  |TAMS 0x0000000082800000, 0x0000000082900000| Untracked 
|   9|0x0000000082900000, 0x0000000082a00000, 0x0000000082a00000|100%| O|  |TAMS 0x0000000082900000, 0x0000000082a00000| Untracked 
|  10|0x0000000082a00000, 0x0000000082b00000, 0x0000000082b00000|100%| O|  |TAMS 0x0000000082a00000, 0x0000000082b00000| Untracked 
|  11|0x0000000082b00000, 0x0000000082c00000, 0x0000000082c00000|100%| O|  |TAMS 0x0000000082b00000, 0x0000000082c00000| Untracked 
|  12|0x0000000082c00000, 0x0000000082d00000, 0x0000000082d00000|100%| O|  |TAMS 0x0000000082c00000, 0x0000000082d00000| Untracked 
|  13|0x0000000082d00000, 0x0000000082e00000, 0x0000000082e00000|100%| O|  |TAMS 0x0000000082d00000, 0x0000000082e00000| Untracked 
|  14|0x0000000082e00000, 0x0000000082f00000, 0x0000000082f00000|100%| O|  |TAMS 0x0000000082e00000, 0x0000000082f00000| Untracked 
|  15|0x0000000082f00000, 0x0000000083000000, 0x0000000083000000|100%| O|  |TAMS 0x0000000082f00000, 0x0000000083000000| Untracked 
|  16|0x0000000083000000, 0x0000000083100000, 0x0000000083100000|100%| O|  |TAMS 0x0000000083000000, 0x0000000083100000| Untracked 
|  17|0x0000000083100000, 0x0000000083200000, 0x0000000083200000|100%| O|  |TAMS 0x0000000083100000, 0x0000000083200000| Untracked 
|  18|0x0000000083200000, 0x0000000083300000, 0x0000000083300000|100%| O|  |TAMS 0x0000000083200000, 0x0000000083300000| Untracked 
|  19|0x0000000083300000, 0x0000000083400000, 0x0000000083400000|100%| O|  |TAMS 0x0000000083300000, 0x0000000083400000| Untracked 
|  20|0x0000000083400000, 0x0000000083500000, 0x0000000083500000|100%| O|  |TAMS 0x0000000083400000, 0x0000000083500000| Untracked 
|  21|0x0000000083500000, 0x0000000083600000, 0x0000000083600000|100%| O|  |TAMS 0x0000000083500000, 0x0000000083600000| Untracked 
|  22|0x0000000083600000, 0x0000000083700000, 0x0000000083700000|100%| O|  |TAMS 0x0000000083600000, 0x0000000083700000| Untracked 
|  23|0x0000000083700000, 0x0000000083800000, 0x0000000083800000|100%| O|  |TAMS 0x0000000083700000, 0x0000000083800000| Untracked 
|  24|0x0000000083800000, 0x0000000083900000, 0x0000000083900000|100%| O|  |TAMS 0x0000000083800000, 0x0000000083900000| Untracked 
|  25|0x0000000083900000, 0x0000000083a00000, 0x0000000083a00000|100%| O|  |TAMS 0x0000000083900000, 0x0000000083a00000| Untracked 
|  26|0x0000000083a00000, 0x0000000083b00000, 0x0000000083b00000|100%| O|  |TAMS 0x0000000083a00000, 0x0000000083b00000| Untracked 
|  27|0x0000000083b00000, 0x0000000083c00000, 0x0000000083c00000|100%| O|  |TAMS 0x0000000083b00000, 0x0000000083c00000| Untracked 
|  28|0x0000000083c00000, 0x0000000083d00000, 0x0000000083d00000|100%| O|  |TAMS 0x0000000083c00000, 0x0000000083d00000| Untracked 
|  29|0x0000000083d00000, 0x0000000083e00000, 0x0000000083e00000|100%| O|  |TAMS 0x0000000083d00000, 0x0000000083e00000| Untracked 
|  30|0x0000000083e00000, 0x0000000083f00000, 0x0000000083f00000|100%| O|  |TAMS 0x0000000083e00000, 0x0000000083f00000| Untracked 
|  31|0x0000000083f00000, 0x0000000084000000, 0x0000000084000000|100%| O|  |TAMS 0x0000000083f00000, 0x0000000084000000| Untracked 
|  32|0x0000000084000000, 0x0000000084100000, 0x0000000084100000|100%| O|  |TAMS 0x0000000084000000, 0x0000000084100000| Untracked 
|  33|0x0000000084100000, 0x0000000084200000, 0x0000000084200000|100%| O|  |TAMS 0x0000000084100000, 0x0000000084200000| Untracked 
|  34|0x0000000084200000, 0x0000000084300000, 0x0000000084300000|100%| O|  |TAMS 0x0000000084200000, 0x0000000084300000| Untracked 
|  35|0x0000000084300000, 0x0000000084400000, 0x0000000084400000|100%| O|  |TAMS 0x0000000084300000, 0x0000000084400000| Untracked 
|  36|0x0000000084400000, 0x0000000084500000, 0x0000000084500000|100%| O|  |TAMS 0x0000000084400000, 0x0000000084500000| Untracked 
|  37|0x0000000084500000, 0x0000000084600000, 0x0000000084600000|100%| O|  |TAMS 0x0000000084500000, 0x0000000084600000| Untracked 
|  38|0x0000000084600000, 0x0000000084700000, 0x0000000084700000|100%| O|  |TAMS 0x0000000084600000, 0x0000000084700000| Untracked 
|  39|0x0000000084700000, 0x0000000084800000, 0x0000000084800000|100%| O|  |TAMS 0x0000000084700000, 0x0000000084800000| Untracked 
|  40|0x0000000084800000, 0x0000000084900000, 0x0000000084900000|100%| O|  |TAMS 0x0000000084800000, 0x0000000084900000| Untracked 
|  41|0x0000000084900000, 0x0000000084a00000, 0x0000000084a00000|100%| O|  |TAMS 0x0000000084900000, 0x0000000084900000| Untracked 
|  42|0x0000000084a00000, 0x0000000084b00000, 0x0000000084b00000|100%| O|  |TAMS 0x0000000084a00000, 0x0000000084a00000| Untracked 
|  43|0x0000000084b00000, 0x0000000084c00000, 0x0000000084c00000|100%| O|  |TAMS 0x0000000084b00000, 0x0000000084b00000| Untracked 
|  44|0x0000000084c00000, 0x0000000084d00000, 0x0000000084d00000|100%| O|  |TAMS 0x0000000084c00000, 0x0000000084c00000| Untracked 
|  45|0x0000000084d00000, 0x0000000084e00000, 0x0000000084e00000|100%| O|  |TAMS 0x0000000084d00000, 0x0000000084d00000| Untracked 
|  46|0x0000000084e00000, 0x0000000084f00000, 0x0000000084f00000|100%| O|  |TAMS 0x0000000084e00000, 0x0000000084e00000| Untracked 
|  47|0x0000000084f00000, 0x0000000085000000, 0x0000000085000000|100%| O|  |TAMS 0x0000000084f00000, 0x0000000084f00000| Untracked 
|  48|0x0000000085000000, 0x0000000085100000, 0x0000000085100000|100%| O|  |TAMS 0x0000000085000000, 0x0000000085000000| Untracked 
|  49|0x0000000085100000, 0x0000000085200000, 0x0000000085200000|100%| O|  |TAMS 0x0000000085100000, 0x0000000085100000| Untracked 
|  50|0x0000000085200000, 0x0000000085300000, 0x0000000085300000|100%| O|  |TAMS 0x0000000085200000, 0x0000000085200000| Untracked 
|  51|0x0000000085300000, 0x0000000085400000, 0x0000000085400000|100%| O|  |TAMS 0x0000000085300000, 0x0000000085400000| Untracked 
|  52|0x0000000085400000, 0x0000000085500000, 0x0000000085500000|100%| O|  |TAMS 0x0000000085400000, 0x0000000085500000| Untracked 
|  53|0x0000000085500000, 0x0000000085600000, 0x0000000085600000|100%| O|  |TAMS 0x0000000085500000, 0x0000000085600000| Untracked 
|  54|0x0000000085600000, 0x0000000085700000, 0x0000000085700000|100%| O|  |TAMS 0x0000000085600000, 0x0000000085700000| Untracked 
|  55|0x0000000085700000, 0x0000000085800000, 0x0000000085800000|100%| O|  |TAMS 0x0000000085700000, 0x0000000085800000| Untracked 
|  56|0x0000000085800000, 0x0000000085900000, 0x0000000085900000|100%| O|  |TAMS 0x0000000085800000, 0x0000000085900000| Untracked 
|  57|0x0000000085900000, 0x0000000085a00000, 0x0000000085a00000|100%| O|  |TAMS 0x0000000085900000, 0x0000000085a00000| Untracked 
|  58|0x0000000085a00000, 0x0000000085b00000, 0x0000000085b00000|100%| O|  |TAMS 0x0000000085a00000, 0x0000000085b00000| Untracked 
|  59|0x0000000085b00000, 0x0000000085c00000, 0x0000000085c00000|100%| O|  |TAMS 0x0000000085b00000, 0x0000000085c00000| Untracked 
|  60|0x0000000085c00000, 0x0000000085d00000, 0x0000000085d00000|100%| O|  |TAMS 0x0000000085c00000, 0x0000000085d00000| Untracked 
|  61|0x0000000085d00000, 0x0000000085e00000, 0x0000000085e00000|100%| O|  |TAMS 0x0000000085d00000, 0x0000000085e00000| Untracked 
|  62|0x0000000085e00000, 0x0000000085f00000, 0x0000000085f00000|100%| O|  |TAMS 0x0000000085e00000, 0x0000000085f00000| Untracked 
|  63|0x0000000085f00000, 0x0000000086000000, 0x0000000086000000|100%| O|  |TAMS 0x0000000085f00000, 0x0000000086000000| Untracked 
|  64|0x0000000086000000, 0x0000000086100000, 0x0000000086100000|100%| O|  |TAMS 0x0000000086000000, 0x0000000086100000| Untracked 
|  65|0x0000000086100000, 0x0000000086200000, 0x0000000086200000|100%| O|  |TAMS 0x0000000086100000, 0x0000000086200000| Untracked 
|  66|0x0000000086200000, 0x0000000086300000, 0x0000000086300000|100%| O|  |TAMS 0x0000000086200000, 0x0000000086300000| Untracked 
|  67|0x0000000086300000, 0x0000000086400000, 0x0000000086400000|100%| O|  |TAMS 0x0000000086300000, 0x0000000086400000| Untracked 
|  68|0x0000000086400000, 0x0000000086500000, 0x0000000086500000|100%| O|  |TAMS 0x0000000086400000, 0x0000000086500000| Untracked 
|  69|0x0000000086500000, 0x0000000086600000, 0x0000000086600000|100%| O|  |TAMS 0x0000000086500000, 0x0000000086600000| Untracked 
|  70|0x0000000086600000, 0x0000000086700000, 0x0000000086700000|100%| O|  |TAMS 0x0000000086600000, 0x0000000086700000| Untracked 
|  71|0x0000000086700000, 0x0000000086800000, 0x0000000086800000|100%| O|  |TAMS 0x0000000086700000, 0x0000000086800000| Untracked 
|  72|0x0000000086800000, 0x0000000086900000, 0x0000000086900000|100%| O|  |TAMS 0x0000000086800000, 0x0000000086900000| Untracked 
|  73|0x0000000086900000, 0x0000000086a00000, 0x0000000086a00000|100%| O|  |TAMS 0x0000000086900000, 0x0000000086a00000| Untracked 
|  74|0x0000000086a00000, 0x0000000086b00000, 0x0000000086b00000|100%| O|  |TAMS 0x0000000086a00000, 0x0000000086aa6200| Untracked 
|  75|0x0000000086b00000, 0x0000000086c00000, 0x0000000086c00000|100%| O|  |TAMS 0x0000000086b00000, 0x0000000086b00000| Untracked 
|  76|0x0000000086c00000, 0x0000000086d00000, 0x0000000086d00000|100%| O|  |TAMS 0x0000000086c00000, 0x0000000086c00000| Untracked 
|  77|0x0000000086d00000, 0x0000000086e00000, 0x0000000086e00000|100%| O|  |TAMS 0x0000000086d00000, 0x0000000086d00000| Untracked 
|  78|0x0000000086e00000, 0x0000000086f00000, 0x0000000086f00000|100%| O|  |TAMS 0x0000000086e00000, 0x0000000086e00000| Untracked 
|  79|0x0000000086f00000, 0x0000000087000000, 0x0000000087000000|100%| O|  |TAMS 0x0000000086f00000, 0x0000000086f00000| Untracked 
|  80|0x0000000087000000, 0x0000000087100000, 0x0000000087100000|100%| O|  |TAMS 0x0000000087000000, 0x0000000087000000| Untracked 
|  81|0x0000000087100000, 0x0000000087200000, 0x0000000087200000|100%| O|  |TAMS 0x0000000087100000, 0x0000000087100000| Untracked 
|  82|0x0000000087200000, 0x0000000087300000, 0x0000000087300000|100%| O|  |TAMS 0x0000000087200000, 0x0000000087200000| Untracked 
|  83|0x0000000087300000, 0x0000000087400000, 0x0000000087400000|100%| O|  |TAMS 0x0000000087300000, 0x0000000087300000| Untracked 
|  84|0x0000000087400000, 0x0000000087500000, 0x0000000087500000|100%| O|  |TAMS 0x0000000087400000, 0x0000000087400000| Untracked 
|  85|0x0000000087500000, 0x0000000087600000, 0x0000000087600000|100%| O|  |TAMS 0x0000000087500000, 0x0000000087500000| Untracked 
|  86|0x0000000087600000, 0x0000000087700000, 0x0000000087700000|100%| O|  |TAMS 0x0000000087600000, 0x0000000087600000| Untracked 
|  87|0x0000000087700000, 0x0000000087800000, 0x0000000087800000|100%| O|  |TAMS 0x0000000087700000, 0x0000000087700000| Untracked 
|  88|0x0000000087800000, 0x0000000087900000, 0x0000000087900000|100%| O|  |TAMS 0x0000000087800000, 0x0000000087800000| Untracked 
|  89|0x0000000087900000, 0x0000000087a00000, 0x0000000087a00000|100%| O|  |TAMS 0x0000000087900000, 0x0000000087900000| Untracked 
|  90|0x0000000087a00000, 0x0000000087b00000, 0x0000000087b00000|100%| O|  |TAMS 0x0000000087a00000, 0x0000000087a00000| Untracked 
|  91|0x0000000087b00000, 0x0000000087c00000, 0x0000000087c00000|100%| O|  |TAMS 0x0000000087b00000, 0x0000000087b00000| Untracked 
|  92|0x0000000087c00000, 0x0000000087d00000, 0x0000000087d00000|100%| O|  |TAMS 0x0000000087c00000, 0x0000000087c00000| Untracked 
|  93|0x0000000087d00000, 0x0000000087e00000, 0x0000000087e00000|100%| O|  |TAMS 0x0000000087d00000, 0x0000000087d00000| Untracked 
|  94|0x0000000087e00000, 0x0000000087f00000, 0x0000000087f00000|100%| O|  |TAMS 0x0000000087e00000, 0x0000000087e00000| Untracked 
|  95|0x0000000087f00000, 0x0000000088000000, 0x0000000088000000|100%| O|  |TAMS 0x0000000087f00000, 0x0000000087f00000| Untracked 
|  96|0x0000000088000000, 0x0000000088100000, 0x0000000088100000|100%| O|  |TAMS 0x0000000088000000, 0x0000000088000000| Untracked 
|  97|0x0000000088100000, 0x0000000088200000, 0x0000000088200000|100%| O|  |TAMS 0x0000000088100000, 0x0000000088100000| Untracked 
|  98|0x0000000088200000, 0x0000000088300000, 0x0000000088300000|100%| O|  |TAMS 0x0000000088200000, 0x0000000088200000| Untracked 
|  99|0x0000000088300000, 0x0000000088400000, 0x0000000088400000|100%| O|  |TAMS 0x0000000088300000, 0x0000000088300000| Untracked 
| 100|0x0000000088400000, 0x0000000088500000, 0x0000000088500000|100%| O|  |TAMS 0x0000000088400000, 0x0000000088400000| Untracked 
| 101|0x0000000088500000, 0x0000000088600000, 0x0000000088600000|100%| O|  |TAMS 0x0000000088500000, 0x0000000088500000| Untracked 
| 102|0x0000000088600000, 0x0000000088700000, 0x0000000088700000|100%| O|  |TAMS 0x0000000088600000, 0x0000000088600000| Untracked 
| 103|0x0000000088700000, 0x0000000088800000, 0x0000000088800000|100%| O|  |TAMS 0x0000000088700000, 0x0000000088700000| Untracked 
| 104|0x0000000088800000, 0x0000000088900000, 0x0000000088900000|100%| O|  |TAMS 0x0000000088800000, 0x0000000088800000| Untracked 
| 105|0x0000000088900000, 0x0000000088a00000, 0x0000000088a00000|100%| O|  |TAMS 0x0000000088900000, 0x0000000088900000| Untracked 
| 106|0x0000000088a00000, 0x0000000088b00000, 0x0000000088b00000|100%| O|  |TAMS 0x0000000088a00000, 0x0000000088a00000| Untracked 
| 107|0x0000000088b00000, 0x0000000088c00000, 0x0000000088c00000|100%| O|  |TAMS 0x0000000088b00000, 0x0000000088b00000| Untracked 
| 108|0x0000000088c00000, 0x0000000088d00000, 0x0000000088d00000|100%| O|  |TAMS 0x0000000088c00000, 0x0000000088c00000| Untracked 
| 109|0x0000000088d00000, 0x0000000088e00000, 0x0000000088e00000|100%| O|  |TAMS 0x0000000088d00000, 0x0000000088d00000| Untracked 
| 110|0x0000000088e00000, 0x0000000088f00000, 0x0000000088f00000|100%| O|  |TAMS 0x0000000088e00000, 0x0000000088e00000| Untracked 
| 111|0x0000000088f00000, 0x0000000089000000, 0x0000000089000000|100%| O|  |TAMS 0x0000000088f00000, 0x0000000088f00000| Untracked 
| 112|0x0000000089000000, 0x0000000089100000, 0x0000000089100000|100%| O|  |TAMS 0x0000000089000000, 0x0000000089000000| Untracked 
| 113|0x0000000089100000, 0x0000000089200000, 0x0000000089200000|100%| O|  |TAMS 0x0000000089100000, 0x0000000089100000| Untracked 
| 114|0x0000000089200000, 0x0000000089300000, 0x0000000089300000|100%| O|  |TAMS 0x0000000089200000, 0x0000000089200000| Untracked 
| 115|0x0000000089300000, 0x0000000089400000, 0x0000000089400000|100%| O|  |TAMS 0x0000000089300000, 0x0000000089300000| Untracked 
| 116|0x0000000089400000, 0x0000000089500000, 0x0000000089500000|100%| O|  |TAMS 0x0000000089400000, 0x0000000089400000| Untracked 
| 117|0x0000000089500000, 0x0000000089600000, 0x0000000089600000|100%| O|  |TAMS 0x0000000089500000, 0x0000000089500000| Untracked 
| 118|0x0000000089600000, 0x0000000089700000, 0x0000000089700000|100%| O|  |TAMS 0x0000000089600000, 0x0000000089600000| Untracked 
| 119|0x0000000089700000, 0x0000000089800000, 0x0000000089800000|100%| O|  |TAMS 0x0000000089700000, 0x0000000089700000| Untracked 
| 120|0x0000000089800000, 0x0000000089900000, 0x0000000089900000|100%| O|  |TAMS 0x0000000089800000, 0x0000000089800000| Untracked 
| 121|0x0000000089900000, 0x0000000089a00000, 0x0000000089a00000|100%| O|  |TAMS 0x0000000089900000, 0x0000000089900000| Untracked 
| 122|0x0000000089a00000, 0x0000000089b00000, 0x0000000089b00000|100%| O|  |TAMS 0x0000000089a00000, 0x0000000089a00000| Untracked 
| 123|0x0000000089b00000, 0x0000000089c00000, 0x0000000089c00000|100%| O|  |TAMS 0x0000000089b00000, 0x0000000089b00000| Untracked 
| 124|0x0000000089c00000, 0x0000000089d00000, 0x0000000089d00000|100%| O|  |TAMS 0x0000000089c00000, 0x0000000089c00000| Untracked 
| 125|0x0000000089d00000, 0x0000000089e00000, 0x0000000089e00000|100%| O|  |TAMS 0x0000000089d00000, 0x0000000089d00000| Untracked 
| 126|0x0000000089e00000, 0x0000000089f00000, 0x0000000089f00000|100%| O|  |TAMS 0x0000000089e00000, 0x0000000089f00000| Untracked 
| 127|0x0000000089f00000, 0x000000008a000000, 0x000000008a000000|100%| O|  |TAMS 0x0000000089f00000, 0x000000008a000000| Untracked 
| 128|0x000000008a000000, 0x000000008a100000, 0x000000008a100000|100%| O|  |TAMS 0x000000008a000000, 0x000000008a100000| Untracked 
| 129|0x000000008a100000, 0x000000008a200000, 0x000000008a200000|100%| O|  |TAMS 0x000000008a100000, 0x000000008a200000| Untracked 
| 130|0x000000008a200000, 0x000000008a300000, 0x000000008a300000|100%| O|  |TAMS 0x000000008a200000, 0x000000008a300000| Untracked 
| 131|0x000000008a300000, 0x000000008a400000, 0x000000008a400000|100%| O|  |TAMS 0x000000008a300000, 0x000000008a400000| Untracked 
| 132|0x000000008a400000, 0x000000008a500000, 0x000000008a500000|100%| O|  |TAMS 0x000000008a400000, 0x000000008a500000| Untracked 
| 133|0x000000008a500000, 0x000000008a600000, 0x000000008a600000|100%| O|  |TAMS 0x000000008a500000, 0x000000008a600000| Untracked 
| 134|0x000000008a600000, 0x000000008a700000, 0x000000008a700000|100%| O|  |TAMS 0x000000008a600000, 0x000000008a700000| Untracked 
| 135|0x000000008a700000, 0x000000008a800000, 0x000000008a800000|100%| O|  |TAMS 0x000000008a700000, 0x000000008a800000| Untracked 
| 136|0x000000008a800000, 0x000000008a900000, 0x000000008a900000|100%| O|  |TAMS 0x000000008a800000, 0x000000008a900000| Untracked 
| 137|0x000000008a900000, 0x000000008aa00000, 0x000000008aa00000|100%| O|  |TAMS 0x000000008a900000, 0x000000008aa00000| Untracked 
| 138|0x000000008aa00000, 0x000000008ab00000, 0x000000008ab00000|100%| O|  |TAMS 0x000000008aa00000, 0x000000008ab00000| Untracked 
| 139|0x000000008ab00000, 0x000000008ac00000, 0x000000008ac00000|100%| O|  |TAMS 0x000000008ab00000, 0x000000008ac00000| Untracked 
| 140|0x000000008ac00000, 0x000000008ad00000, 0x000000008ad00000|100%| O|  |TAMS 0x000000008ac00000, 0x000000008ad00000| Untracked 
| 141|0x000000008ad00000, 0x000000008ae00000, 0x000000008ae00000|100%| O|  |TAMS 0x000000008ad00000, 0x000000008ae00000| Untracked 
| 142|0x000000008ae00000, 0x000000008af00000, 0x000000008af00000|100%| O|  |TAMS 0x000000008ae00000, 0x000000008af00000| Untracked 
| 143|0x000000008af00000, 0x000000008b000000, 0x000000008b000000|100%| O|  |TAMS 0x000000008af00000, 0x000000008b000000| Untracked 
| 144|0x000000008b000000, 0x000000008b100000, 0x000000008b100000|100%| O|  |TAMS 0x000000008b000000, 0x000000008b100000| Untracked 
| 145|0x000000008b100000, 0x000000008b200000, 0x000000008b200000|100%| O|  |TAMS 0x000000008b100000, 0x000000008b100000| Untracked 
| 146|0x000000008b200000, 0x000000008b300000, 0x000000008b300000|100%| O|  |TAMS 0x000000008b200000, 0x000000008b200000| Untracked 
| 147|0x000000008b300000, 0x000000008b400000, 0x000000008b400000|100%| O|  |TAMS 0x000000008b300000, 0x000000008b300000| Untracked 
| 148|0x000000008b400000, 0x000000008b500000, 0x000000008b500000|100%| O|  |TAMS 0x000000008b400000, 0x000000008b400000| Untracked 
| 149|0x000000008b500000, 0x000000008b600000, 0x000000008b600000|100%| O|  |TAMS 0x000000008b500000, 0x000000008b500000| Untracked 
| 150|0x000000008b600000, 0x000000008b700000, 0x000000008b700000|100%| O|  |TAMS 0x000000008b600000, 0x000000008b600000| Untracked 
| 151|0x000000008b700000, 0x000000008b800000, 0x000000008b800000|100%| O|  |TAMS 0x000000008b700000, 0x000000008b700000| Untracked 
| 152|0x000000008b800000, 0x000000008b900000, 0x000000008b900000|100%| O|  |TAMS 0x000000008b800000, 0x000000008b800000| Untracked 
| 153|0x000000008b900000, 0x000000008ba00000, 0x000000008ba00000|100%| O|  |TAMS 0x000000008b900000, 0x000000008b900000| Untracked 
| 154|0x000000008ba00000, 0x000000008bb00000, 0x000000008bb00000|100%| O|  |TAMS 0x000000008ba00000, 0x000000008ba00000| Untracked 
| 155|0x000000008bb00000, 0x000000008bc00000, 0x000000008bc00000|100%| O|  |TAMS 0x000000008bb00000, 0x000000008bb00000| Untracked 
| 156|0x000000008bc00000, 0x000000008bd00000, 0x000000008bd00000|100%| O|  |TAMS 0x000000008bc00000, 0x000000008bc00000| Untracked 
| 157|0x000000008bd00000, 0x000000008be00000, 0x000000008be00000|100%| O|  |TAMS 0x000000008bd00000, 0x000000008bd00000| Untracked 
| 158|0x000000008be00000, 0x000000008bf00000, 0x000000008bf00000|100%| O|  |TAMS 0x000000008be00000, 0x000000008be00000| Untracked 
| 159|0x000000008bf00000, 0x000000008c000000, 0x000000008c000000|100%| O|  |TAMS 0x000000008bf00000, 0x000000008bf00000| Untracked 
| 160|0x000000008c000000, 0x000000008c100000, 0x000000008c100000|100%| O|  |TAMS 0x000000008c000000, 0x000000008c000000| Untracked 
| 161|0x000000008c100000, 0x000000008c200000, 0x000000008c200000|100%| O|  |TAMS 0x000000008c100000, 0x000000008c100000| Untracked 
| 162|0x000000008c200000, 0x000000008c300000, 0x000000008c300000|100%| O|  |TAMS 0x000000008c200000, 0x000000008c200000| Untracked 
| 163|0x000000008c300000, 0x000000008c400000, 0x000000008c400000|100%| O|  |TAMS 0x000000008c300000, 0x000000008c300000| Untracked 
| 164|0x000000008c400000, 0x000000008c500000, 0x000000008c500000|100%| O|  |TAMS 0x000000008c400000, 0x000000008c400000| Untracked 
| 165|0x000000008c500000, 0x000000008c600000, 0x000000008c600000|100%| O|  |TAMS 0x000000008c500000, 0x000000008c500000| Untracked 
| 166|0x000000008c600000, 0x000000008c700000, 0x000000008c700000|100%| O|  |TAMS 0x000000008c600000, 0x000000008c600000| Untracked 
| 167|0x000000008c700000, 0x000000008c800000, 0x000000008c800000|100%| O|  |TAMS 0x000000008c700000, 0x000000008c700000| Untracked 
| 168|0x000000008c800000, 0x000000008c900000, 0x000000008c900000|100%| O|  |TAMS 0x000000008c800000, 0x000000008c800000| Untracked 
| 169|0x000000008c900000, 0x000000008ca00000, 0x000000008ca00000|100%| O|  |TAMS 0x000000008c900000, 0x000000008c900000| Untracked 
| 170|0x000000008ca00000, 0x000000008cb00000, 0x000000008cb00000|100%| O|  |TAMS 0x000000008ca00000, 0x000000008ca00000| Untracked 
| 171|0x000000008cb00000, 0x000000008cc00000, 0x000000008cc00000|100%| O|  |TAMS 0x000000008cb00000, 0x000000008cb00000| Untracked 
| 172|0x000000008cc00000, 0x000000008cd00000, 0x000000008cd00000|100%| O|  |TAMS 0x000000008cc00000, 0x000000008cc00000| Untracked 
| 173|0x000000008cd00000, 0x000000008ce00000, 0x000000008ce00000|100%| O|  |TAMS 0x000000008cd00000, 0x000000008cd00000| Untracked 
| 174|0x000000008ce00000, 0x000000008cf00000, 0x000000008cf00000|100%| O|  |TAMS 0x000000008ce00000, 0x000000008ce00000| Untracked 
| 175|0x000000008cf00000, 0x000000008d000000, 0x000000008d000000|100%| O|  |TAMS 0x000000008cf00000, 0x000000008cf00000| Untracked 
| 176|0x000000008d000000, 0x000000008d100000, 0x000000008d100000|100%| O|  |TAMS 0x000000008d000000, 0x000000008d000000| Untracked 
| 177|0x000000008d100000, 0x000000008d200000, 0x000000008d200000|100%| O|  |TAMS 0x000000008d100000, 0x000000008d100000| Untracked 
| 178|0x000000008d200000, 0x000000008d300000, 0x000000008d300000|100%| O|  |TAMS 0x000000008d200000, 0x000000008d200000| Untracked 
| 179|0x000000008d300000, 0x000000008d400000, 0x000000008d400000|100%| O|  |TAMS 0x000000008d300000, 0x000000008d300000| Untracked 
| 180|0x000000008d400000, 0x000000008d500000, 0x000000008d500000|100%| O|  |TAMS 0x000000008d400000, 0x000000008d400000| Untracked 
| 181|0x000000008d500000, 0x000000008d600000, 0x000000008d600000|100%| O|  |TAMS 0x000000008d500000, 0x000000008d500000| Untracked 
| 182|0x000000008d600000, 0x000000008d700000, 0x000000008d700000|100%| O|  |TAMS 0x000000008d600000, 0x000000008d600000| Untracked 
| 183|0x000000008d700000, 0x000000008d800000, 0x000000008d800000|100%| O|  |TAMS 0x000000008d700000, 0x000000008d700000| Untracked 
| 184|0x000000008d800000, 0x000000008d900000, 0x000000008d900000|100%| O|  |TAMS 0x000000008d800000, 0x000000008d800000| Untracked 
| 185|0x000000008d900000, 0x000000008da00000, 0x000000008da00000|100%| O|  |TAMS 0x000000008d900000, 0x000000008d900000| Untracked 
| 186|0x000000008da00000, 0x000000008db00000, 0x000000008db00000|100%| O|  |TAMS 0x000000008da00000, 0x000000008da00000| Untracked 
| 187|0x000000008db00000, 0x000000008dc00000, 0x000000008dc00000|100%| O|  |TAMS 0x000000008db00000, 0x000000008db00000| Untracked 
| 188|0x000000008dc00000, 0x000000008dc27200, 0x000000008dd00000| 15%| O|  |TAMS 0x000000008dc00000, 0x000000008dc00000| Untracked 
| 189|0x000000008dd00000, 0x000000008dd00000, 0x000000008de00000|  0%| F|  |TAMS 0x000000008dd00000, 0x000000008dd00000| Untracked 
| 190|0x000000008de00000, 0x000000008de00000, 0x000000008df00000|  0%| F|  |TAMS 0x000000008de00000, 0x000000008de00000| Untracked 
| 191|0x000000008df00000, 0x000000008e000000, 0x000000008e000000|100%| S|CS|TAMS 0x000000008df00000, 0x000000008df00000| Complete 
| 192|0x000000008e000000, 0x000000008e000000, 0x000000008e100000|  0%| F|  |TAMS 0x000000008e000000, 0x000000008e000000| Untracked 
| 193|0x000000008e100000, 0x000000008e100000, 0x000000008e200000|  0%| F|  |TAMS 0x000000008e100000, 0x000000008e100000| Untracked 
| 194|0x000000008e200000, 0x000000008e300000, 0x000000008e300000|100%| S|CS|TAMS 0x000000008e200000, 0x000000008e200000| Complete 
| 195|0x000000008e300000, 0x000000008e300000, 0x000000008e400000|  0%| F|  |TAMS 0x000000008e300000, 0x000000008e300000| Untracked 
| 196|0x000000008e400000, 0x000000008e400000, 0x000000008e500000|  0%| F|  |TAMS 0x000000008e400000, 0x000000008e400000| Untracked 
| 197|0x000000008e500000, 0x000000008e500000, 0x000000008e600000|  0%| F|  |TAMS 0x000000008e500000, 0x000000008e500000| Untracked 
| 198|0x000000008e600000, 0x000000008e600000, 0x000000008e700000|  0%| F|  |TAMS 0x000000008e600000, 0x000000008e600000| Untracked 
| 199|0x000000008e700000, 0x000000008e700000, 0x000000008e800000|  0%| F|  |TAMS 0x000000008e700000, 0x000000008e700000| Untracked 
| 200|0x000000008e800000, 0x000000008e800000, 0x000000008e900000|  0%| F|  |TAMS 0x000000008e800000, 0x000000008e800000| Untracked 
| 201|0x000000008e900000, 0x000000008e900000, 0x000000008ea00000|  0%| F|  |TAMS 0x000000008e900000, 0x000000008e900000| Untracked 
| 202|0x000000008ea00000, 0x000000008ea00000, 0x000000008eb00000|  0%| F|  |TAMS 0x000000008ea00000, 0x000000008ea00000| Untracked 

Card table byte_map: [0x0000013f486a0000,0x0000013f48a90000] _byte_map_base: 0x0000013f48290000

Marking Bits (Prev, Next): (CMBitMap*) 0x0000013f2eed2458, (CMBitMap*) 0x0000013f2eed2498
 Prev Bits: [0x0000013f48e80000, 0x0000013f4ae00000)
 Next Bits: [0x0000013f4ae00000, 0x0000013f4cd80000)

Polling page: 0x0000013f2ec90000

Metaspace:

Usage:
  Non-class:     13.69 MB capacity,    13.43 MB ( 98%) used,   225.83 KB (  2%) free+waste,    38.94 KB ( <1%) overhead. 
      Class:      2.00 MB capacity,     1.81 MB ( 91%) used,   170.63 KB (  8%) free+waste,    21.81 KB (  1%) overhead. 
       Both:     15.68 MB capacity,    15.24 MB ( 97%) used,   396.46 KB (  2%) free+waste,    60.75 KB ( <1%) overhead. 

Virtual space:
  Non-class space:       14.00 MB reserved,      13.75 MB ( 98%) committed 
      Class space:        1.00 GB reserved,       2.00 MB ( <1%) committed 
             Both:        1.01 GB reserved,      15.75 MB (  2%) committed 

Chunk freelists:
   Non-Class:  0 bytes
       Class:  5.00 KB
        Both:  5.00 KB

MaxMetaspaceSize: 17179869184.00 GB
CompressedClassSpaceSize: 1.00 GB

CodeHeap 'non-profiled nmethods': size=120000Kb used=567Kb max_used=567Kb free=119432Kb
 bounds [0x0000013f40610000, 0x0000013f40880000, 0x0000013f47b40000]
CodeHeap 'profiled nmethods': size=120000Kb used=3266Kb max_used=3266Kb free=116733Kb
 bounds [0x0000013f390e0000, 0x0000013f39420000, 0x0000013f40610000]
CodeHeap 'non-nmethods': size=5760Kb used=1300Kb max_used=1318Kb free=4459Kb
 bounds [0x0000013f38b40000, 0x0000013f38db0000, 0x0000013f390e0000]
 total_blobs=2851 nmethods=1640 adapters=485
 compilation: enabled
              stopped_count=0, restarted_count=0
 full_count=0

Compilation events (20 events):
Event: 4.136 Thread 0x0000013f4f40e800 nmethod 1632 0x0000013f39409810 code [0x0000013f39409a40, 0x0000013f3940aab0]
Event: 4.136 Thread 0x0000013f4f40e800 1634       3       javax.swing.plaf.basic.BasicHTML::updateRenderer (89 bytes)
Event: 4.136 Thread 0x0000013f4f3d3000 nmethod 1631 0x0000013f4069d910 code [0x0000013f4069daa0, 0x0000013f4069db78]
Event: 4.137 Thread 0x0000013f4f40e800 nmethod 1634 0x0000013f3940ad10 code [0x0000013f3940af60, 0x0000013f3940b860]
Event: 4.137 Thread 0x0000013f4f40e800 1635       3       javax.swing.plaf.basic.BasicHTML::isHTMLString (49 bytes)
Event: 4.138 Thread 0x0000013f4f40e800 nmethod 1635 0x0000013f3940ba90 code [0x0000013f3940bd40, 0x0000013f3940c9a0]
Event: 4.138 Thread 0x0000013f4f40e800 1633       3       java.awt.Component::setForeground (45 bytes)
Event: 4.139 Thread 0x0000013f4f40e800 nmethod 1633 0x0000013f3940ce10 code [0x0000013f3940d020, 0x0000013f3940db50]
Event: 4.139 Thread 0x0000013f4f40e800 1636       3       javax.swing.AbstractButton::getHandler (24 bytes)
Event: 4.139 Thread 0x0000013f4f40e800 nmethod 1636 0x0000013f3940de10 code [0x0000013f3940dfc0, 0x0000013f3940e358]
Event: 4.245 Thread 0x0000013f4f40e800 1637   !   3       java.lang.ref.ReferenceQueue::remove (125 bytes)
Event: 4.261 Thread 0x0000013f4f40e800 nmethod 1637 0x0000013f3940e490 code [0x0000013f3940e6c0, 0x0000013f3940efc0]
Event: 4.261 Thread 0x0000013f4f40e800 1640       3       jdk.internal.ref.PhantomCleanable::clean (16 bytes)
Event: 4.261 Thread 0x0000013f4f40e800 nmethod 1640 0x0000013f3940f310 code [0x0000013f3940f4e0, 0x0000013f3940f820]
Event: 4.261 Thread 0x0000013f4f40e800 1641       3       jdk.internal.ref.CleanerImpl$PhantomCleanableRef::performCleanup (10 bytes)
Event: 4.261 Thread 0x0000013f4f40e800 nmethod 1641 0x0000013f3940f910 code [0x0000013f3940fac0, 0x0000013f3940fd10]
Event: 4.261 Thread 0x0000013f4f40e800 1638   !   3       jdk.internal.ref.PhantomCleanable::isListEmpty (34 bytes)
Event: 4.273 Thread 0x0000013f4f40e800 nmethod 1638 0x0000013f3940fe10 code [0x0000013f3940ffc0, 0x0000013f39410358]
Event: 4.273 Thread 0x0000013f4f40e800 1639       3       jdk.internal.misc.InnocuousThread::eraseThreadLocals (23 bytes)
Event: 4.274 Thread 0x0000013f4f40e800 nmethod 1639 0x0000013f39410490 code [0x0000013f39410640, 0x0000013f39410898]

GC Heap History (20 events):
Event: 4.282 GC heap after
{Heap after GC invocations=5 (full 0):
 garbage-first heap   total 148480K, used 113343K [0x0000000082000000, 0x0000000100000000)
  region size 1024K, 2 young (2048K), 2 survivors (2048K)
 Metaspace       used 15603K, capacity 16061K, committed 16128K, reserved 1062912K
  class space    used 1850K, capacity 2043K, committed 2048K, reserved 1048576K
}
Event: 4.282 GC heap before
{Heap before GC invocations=5 (full 0):
 garbage-first heap   total 148480K, used 118463K [0x0000000082000000, 0x0000000100000000)
  region size 1024K, 8 young (8192K), 2 survivors (2048K)
 Metaspace       used 15603K, capacity 16061K, committed 16128K, reserved 1062912K
  class space    used 1850K, capacity 2043K, committed 2048K, reserved 1048576K
}
Event: 4.285 GC heap after
{Heap after GC invocations=6 (full 0):
 garbage-first heap   total 148480K, used 119605K [0x0000000082000000, 0x0000000100000000)
  region size 1024K, 1 young (1024K), 1 survivors (1024K)
 Metaspace       used 15603K, capacity 16061K, committed 16128K, reserved 1062912K
  class space    used 1850K, capacity 2043K, committed 2048K, reserved 1048576K
}
Event: 4.286 GC heap before
{Heap before GC invocations=6 (full 0):
 garbage-first heap   total 148480K, used 125749K [0x0000000082000000, 0x0000000100000000)
  region size 1024K, 8 young (8192K), 1 survivors (1024K)
 Metaspace       used 15603K, capacity 16061K, committed 16128K, reserved 1062912K
  class space    used 1850K, capacity 2043K, committed 2048K, reserved 1048576K
}
Event: 4.290 GC heap after
{Heap after GC invocations=7 (full 0):
 garbage-first heap   total 148480K, used 126812K [0x0000000082000000, 0x0000000100000000)
  region size 1024K, 1 young (1024K), 1 survivors (1024K)
 Metaspace       used 15603K, capacity 16061K, committed 16128K, reserved 1062912K
  class space    used 1850K, capacity 2043K, committed 2048K, reserved 1048576K
}
Event: 4.290 GC heap before
{Heap before GC invocations=7 (full 0):
 garbage-first heap   total 148480K, used 132956K [0x0000000082000000, 0x0000000100000000)
  region size 1024K, 8 young (8192K), 1 survivors (1024K)
 Metaspace       used 15603K, capacity 16061K, committed 16128K, reserved 1062912K
  class space    used 1850K, capacity 2043K, committed 2048K, reserved 1048576K
}
Event: 4.293 GC heap after
{Heap after GC invocations=8 (full 0):
 garbage-first heap   total 148480K, used 134058K [0x0000000082000000, 0x0000000100000000)
  region size 1024K, 1 young (1024K), 1 survivors (1024K)
 Metaspace       used 15603K, capacity 16061K, committed 16128K, reserved 1062912K
  class space    used 1850K, capacity 2043K, committed 2048K, reserved 1048576K
}
Event: 4.294 GC heap before
{Heap before GC invocations=8 (full 0):
 garbage-first heap   total 148480K, used 141226K [0x0000000082000000, 0x0000000100000000)
  region size 1024K, 9 young (9216K), 1 survivors (1024K)
 Metaspace       used 15603K, capacity 16061K, committed 16128K, reserved 1062912K
  class space    used 1850K, capacity 2043K, committed 2048K, reserved 1048576K
}
Event: 4.298 GC heap after
{Heap after GC invocations=9 (full 0):
 garbage-first heap   total 151552K, used 142211K [0x0000000082000000, 0x0000000100000000)
  region size 1024K, 2 young (2048K), 2 survivors (2048K)
 Metaspace       used 15603K, capacity 16061K, committed 16128K, reserved 1062912K
  class space    used 1850K, capacity 2043K, committed 2048K, reserved 1048576K
}
Event: 4.299 GC heap before
{Heap before GC invocations=9 (full 0):
 garbage-first heap   total 151552K, used 150403K [0x0000000082000000, 0x0000000100000000)
  region size 1024K, 11 young (11264K), 2 survivors (2048K)
 Metaspace       used 15603K, capacity 16061K, committed 16128K, reserved 1062912K
  class space    used 1850K, capacity 2043K, committed 2048K, reserved 1048576K
}
Event: 4.305 GC heap after
{Heap after GC invocations=10 (full 0):
 garbage-first heap   total 162816K, used 151427K [0x0000000082000000, 0x0000000100000000)
  region size 1024K, 2 young (2048K), 2 survivors (2048K)
 Metaspace       used 15603K, capacity 16061K, committed 16128K, reserved 1062912K
  class space    used 1850K, capacity 2043K, committed 2048K, reserved 1048576K
}
Event: 4.307 GC heap before
{Heap before GC invocations=10 (full 0):
 garbage-first heap   total 162816K, used 159619K [0x0000000082000000, 0x0000000100000000)
  region size 1024K, 11 young (11264K), 2 survivors (2048K)
 Metaspace       used 15603K, capacity 16061K, committed 16128K, reserved 1062912K
  class space    used 1850K, capacity 2043K, committed 2048K, reserved 1048576K
}
Event: 4.313 GC heap after
{Heap after GC invocations=11 (full 0):
 garbage-first heap   total 207872K, used 160963K [0x0000000082000000, 0x0000000100000000)
  region size 1024K, 2 young (2048K), 2 survivors (2048K)
 Metaspace       used 15603K, capacity 16061K, committed 16128K, reserved 1062912K
  class space    used 1850K, capacity 2043K, committed 2048K, reserved 1048576K
}
Event: 4.320 GC heap before
{Heap before GC invocations=11 (full 0):
 garbage-first heap   total 207872K, used 169155K [0x0000000082000000, 0x0000000100000000)
  region size 1024K, 11 young (11264K), 2 survivors (2048K)
 Metaspace       used 15603K, capacity 16061K, committed 16128K, reserved 1062912K
  class space    used 1850K, capacity 2043K, committed 2048K, reserved 1048576K
}
Event: 4.324 GC heap after
{Heap after GC invocations=12 (full 0):
 garbage-first heap   total 207872K, used 170023K [0x0000000082000000, 0x0000000100000000)
  region size 1024K, 2 young (2048K), 2 survivors (2048K)
 Metaspace       used 15603K, capacity 16061K, committed 16128K, reserved 1062912K
  class space    used 1850K, capacity 2043K, committed 2048K, reserved 1048576K
}
Event: 4.325 GC heap before
{Heap before GC invocations=12 (full 0):
 garbage-first heap   total 207872K, used 177191K [0x0000000082000000, 0x0000000100000000)
  region size 1024K, 10 young (10240K), 2 survivors (2048K)
 Metaspace       used 15603K, capacity 16061K, committed 16128K, reserved 1062912K
  class space    used 1850K, capacity 2043K, committed 2048K, reserved 1048576K
}
Event: 4.330 GC heap after
{Heap after GC invocations=13 (full 0):
 garbage-first heap   total 207872K, used 178293K [0x0000000082000000, 0x0000000100000000)
  region size 1024K, 2 young (2048K), 2 survivors (2048K)
 Metaspace       used 15603K, capacity 16061K, committed 16128K, reserved 1062912K
  class space    used 1850K, capacity 2043K, committed 2048K, reserved 1048576K
}
Event: 4.331 GC heap before
{Heap before GC invocations=13 (full 0):
 garbage-first heap   total 207872K, used 185461K [0x0000000082000000, 0x0000000100000000)
  region size 1024K, 10 young (10240K), 2 survivors (2048K)
 Metaspace       used 15603K, capacity 16061K, committed 16128K, reserved 1062912K
  class space    used 1850K, capacity 2043K, committed 2048K, reserved 1048576K
}
Event: 4.336 GC heap after
{Heap after GC invocations=14 (full 0):
 garbage-first heap   total 207872K, used 186485K [0x0000000082000000, 0x0000000100000000)
  region size 1024K, 2 young (2048K), 2 survivors (2048K)
 Metaspace       used 15603K, capacity 16061K, committed 16128K, reserved 1062912K
  class space    used 1850K, capacity 2043K, committed 2048K, reserved 1048576K
}
Event: 4.337 GC heap before
{Heap before GC invocations=14 (full 0):
 garbage-first heap   total 207872K, used 193653K [0x0000000082000000, 0x0000000100000000)
  region size 1024K, 10 young (10240K), 2 survivors (2048K)
 Metaspace       used 15603K, capacity 16061K, committed 16128K, reserved 1062912K
  class space    used 1850K, capacity 2043K, committed 2048K, reserved 1048576K
}

Deoptimization events (20 events):
Event: 3.726 Thread 0x0000013f50144800 DEOPT PACKING pc=0x0000013f3937670d sp=0x00000022c17fe930
Event: 3.726 Thread 0x0000013f50144800 DEOPT UNPACKING pc=0x0000013f38b8964e sp=0x00000022c17fdda0 mode 0
Event: 3.726 Thread 0x0000013f50144800 DEOPT PACKING pc=0x0000013f3937670d sp=0x00000022c17fe930
Event: 3.726 Thread 0x0000013f50144800 DEOPT UNPACKING pc=0x0000013f38b8964e sp=0x00000022c17fdda0 mode 0
Event: 3.726 Thread 0x0000013f50144800 DEOPT PACKING pc=0x0000013f3937670d sp=0x00000022c17fe930
Event: 3.726 Thread 0x0000013f50144800 DEOPT UNPACKING pc=0x0000013f38b8964e sp=0x00000022c17fdda0 mode 0
Event: 3.726 Thread 0x0000013f50144800 DEOPT PACKING pc=0x0000013f3937f780 sp=0x00000022c17fe9b0
Event: 3.726 Thread 0x0000013f50144800 DEOPT UNPACKING pc=0x0000013f38b8964e sp=0x00000022c17fe020 mode 0
Event: 3.726 Thread 0x0000013f50144800 DEOPT PACKING pc=0x0000013f3937670d sp=0x00000022c17fe930
Event: 3.726 Thread 0x0000013f50144800 DEOPT UNPACKING pc=0x0000013f38b8964e sp=0x00000022c17fdda0 mode 0
Event: 3.728 Thread 0x0000013f50144800 DEOPT PACKING pc=0x0000013f3937670d sp=0x00000022c17fe930
Event: 3.728 Thread 0x0000013f50144800 DEOPT UNPACKING pc=0x0000013f38b8964e sp=0x00000022c17fdda0 mode 0
Event: 3.728 Thread 0x0000013f50144800 DEOPT PACKING pc=0x0000013f3937670d sp=0x00000022c17fe930
Event: 3.728 Thread 0x0000013f50144800 DEOPT UNPACKING pc=0x0000013f38b8964e sp=0x00000022c17fdda0 mode 0
Event: 3.728 Thread 0x0000013f50144800 DEOPT PACKING pc=0x0000013f3937670d sp=0x00000022c17fe930
Event: 3.728 Thread 0x0000013f50144800 DEOPT UNPACKING pc=0x0000013f38b8964e sp=0x00000022c17fdda0 mode 0
Event: 3.729 Thread 0x0000013f50144800 DEOPT PACKING pc=0x0000013f3937f780 sp=0x00000022c17fe9b0
Event: 3.729 Thread 0x0000013f50144800 DEOPT UNPACKING pc=0x0000013f38b8964e sp=0x00000022c17fe020 mode 0
Event: 3.729 Thread 0x0000013f50144800 DEOPT PACKING pc=0x0000013f3937670d sp=0x00000022c17fe930
Event: 3.729 Thread 0x0000013f50144800 DEOPT UNPACKING pc=0x0000013f38b8964e sp=0x00000022c17fdda0 mode 0

Classes unloaded (0 events):
No events

Classes redefined (0 events):
No events

Internal exceptions (20 events):
Event: 0.341 Thread 0x0000013f2ee8c000 Exception <a 'java/lang/NoSuchMethodError'{0x0000000089946138}: 'void java.lang.invoke.DirectMethodHandle$Holder.invokeStatic(java.lang.Object, java.lang.Object, java.lang.Object, java.lang.Object)'> (0x0000000089946138) 
thrown [t:/workspace/open/src/hotspot/share/interpreter/linkResolver.cpp, line 767]
Event: 0.395 Thread 0x0000013f2ee8c000 Exception <a 'java/lang/ClassNotFoundException'{0x0000000089836830}: sun/awt/resources/spi/awtProvider> (0x0000000089836830) 
thrown [t:/workspace/open/src/hotspot/share/classfile/systemDictionary.cpp, line 232]
Event: 0.421 Thread 0x0000013f2ee8c000 Exception <a 'java/io/FileNotFoundException'{0x0000000089879a90}> (0x0000000089879a90) 
thrown [t:/workspace/open/src/hotspot/share/prims/jni.cpp, line 598]
Event: 0.429 Thread 0x0000013f2ee8c000 Exception <a 'java/io/FileNotFoundException'{0x00000000898a0130}> (0x00000000898a0130) 
thrown [t:/workspace/open/src/hotspot/share/prims/jni.cpp, line 598]
Event: 0.479 Thread 0x0000013f50141000 Exception <a 'java/lang/NoSuchMethodError'{0x0000000089704f88}: 'void java.lang.invoke.DirectMethodHandle$Holder.invokeSpecial(java.lang.Object, java.lang.Object)'> (0x0000000089704f88) 
thrown [t:/workspace/open/src/hotspot/share/interpreter/linkResolver.cpp, line 767]
Event: 0.517 Thread 0x0000013f2ee8c000 Exception <a 'java/lang/NoSuchMethodError'{0x00000000897a0ad0}: 'java.lang.Object java.lang.invoke.DirectMethodHandle$Holder.invokeStatic(java.lang.Object, int, java.lang.Object, java.lang.Object, java.lang.Object, java.lang.Object)'> (0x00000000897a0ad0) 
thrown [t:/workspace/open/src/hotspot/share/interpreter/linkResolver.cpp, line 767]
Event: 0.518 Thread 0x0000013f2ee8c000 Exception <a 'java/lang/NoSuchMethodError'{0x00000000897a7430}: 'java.lang.Object java.lang.invoke.DirectMethodHandle$Holder.invokeStatic(java.lang.Object, int, java.lang.Object, java.lang.Object, java.lang.Object)'> (0x00000000897a7430) 
thrown [t:/workspace/open/src/hotspot/share/interpreter/linkResolver.cpp, line 767]
Event: 0.518 Thread 0x0000013f2ee8c000 Exception <a 'java/lang/NoSuchMethodError'{0x00000000897aac98}: 'java.lang.Object java.lang.invoke.DirectMethodHandle$Holder.invokeSpecial(java.lang.Object, java.lang.Object, int, java.lang.Object, java.lang.Object, java.lang.Object)'> (0x00000000897aac98) 
thrown [t:/workspace/open/src/hotspot/share/interpreter/linkResolver.cpp, line 767]
Event: 0.522 Thread 0x0000013f2ee8c000 Exception <a 'java/lang/NoSuchMethodError'{0x00000000897c0f90}: 'java.lang.Object java.lang.invoke.DirectMethodHandle$Holder.invokeStatic(java.lang.Object, int, java.lang.Object)'> (0x00000000897c0f90) 
thrown [t:/workspace/open/src/hotspot/share/interpreter/linkResolver.cpp, line 767]
Event: 0.558 Thread 0x0000013f2ee8c000 Exception <a 'java/lang/ClassNotFoundException'{0x0000000089667ad0}: com/sun/swing/internal/plaf/metal/resources/spi/metalProvider> (0x0000000089667ad0) 
thrown [t:/workspace/open/src/hotspot/share/classfile/systemDictionary.cpp, line 232]
Event: 0.560 Thread 0x0000013f2ee8c000 Exception <a 'java/lang/ClassNotFoundException'{0x000000008966bb78}: com/sun/swing/internal/plaf/basic/resources/spi/basicProvider> (0x000000008966bb78) 
thrown [t:/workspace/open/src/hotspot/share/classfile/systemDictionary.cpp, line 232]
Event: 0.567 Thread 0x0000013f2ee8c000 Implicit null exception at 0x0000013f40632b2f to 0x0000013f40632bad
Event: 0.781 Thread 0x0000013f2ee8c000 Exception <a 'java/lang/NoSuchMethodError'{0x000000008903b400}: 'java.lang.Object java.lang.invoke.DirectMethodHandle$Holder.invokeStaticInit(java.lang.Object, int, int, int, int)'> (0x000000008903b400) 
thrown [t:/workspace/open/src/hotspot/share/interpreter/linkResolver.cpp, line 767]
Event: 1.255 Thread 0x0000013f2ee8c000 Exception <a 'java/lang/NoSuchMethodError'{0x0000000089098338}: 'java.lang.Object java.lang.invoke.DirectMethodHandle$Holder.invokeStaticInit(java.lang.Object, java.lang.Object, int, int, int, int)'> (0x0000000089098338) 
thrown [t:/workspace/open/src/hotspot/share/interpreter/linkResolver.cpp, line 767]
Event: 1.261 Thread 0x0000013f2ee8c000 Exception <a 'java/lang/NoSuchMethodError'{0x00000000890b7e80}: 'java.lang.Object java.lang.invoke.Invokers$Holder.linkToTargetMethod(java.lang.Object, int, java.lang.Object)'> (0x00000000890b7e80) 
thrown [t:/workspace/open/src/hotspot/share/interpreter/linkResolver.cpp, line 767]
Event: 2.441 Thread 0x0000013f2ee8c000 Exception <a 'sun/nio/fs/WindowsException'{0x0000000089da2e18}> (0x0000000089da2e18) 
thrown [t:/workspace/open/src/hotspot/share/prims/jni.cpp, line 598]
Event: 2.523 Thread 0x0000013f2ee8c000 Exception <a 'java/lang/NoSuchMethodError'{0x0000000089dc56e8}: 'int java.lang.invoke.DirectMethodHandle$Holder.invokeStaticInit(java.lang.Object, java.lang.Object, java.lang.Object, java.lang.Object)'> (0x0000000089dc56e8) 
thrown [t:/workspace/open/src/hotspot/share/interpreter/linkResolver.cpp, line 767]
Event: 2.524 Thread 0x0000013f2ee8c000 Exception <a 'java/lang/NoSuchMethodError'{0x0000000089dd05f8}: 'void java.lang.invoke.DirectMethodHandle$Holder.invokeStaticInit(java.lang.Object, java.lang.Object)'> (0x0000000089dd05f8) 
thrown [t:/workspace/open/src/hotspot/share/interpreter/linkResolver.cpp, line 767]
Event: 2.524 Thread 0x0000013f2ee8c000 Exception <a 'java/lang/NoSuchMethodError'{0x0000000089dd53e8}: 'int java.lang.invoke.DirectMethodHandle$Holder.invokeStaticInit(java.lang.Object, java.lang.Object)'> (0x0000000089dd53e8) 
thrown [t:/workspace/open/src/hotspot/share/interpreter/linkResolver.cpp, line 767]
Event: 3.730 Thread 0x0000013f2ee8c000 Exception <a 'java/lang/NoSuchMethodError'{0x0000000089861eb0}: 'void java.lang.invoke.DirectMethodHandle$Holder.invokeStaticInit(java.lang.Object)'> (0x0000000089861eb0) 
thrown [t:/workspace/open/src/hotspot/share/interpreter/linkResolver.cpp, line 767]

Events (20 events):
Event: 4.282 Executing VM operation: G1CollectForAllocation done
Event: 4.282 Executing VM operation: G1CollectForAllocation
Event: 4.285 Executing VM operation: G1CollectForAllocation done
Event: 4.286 Executing VM operation: G1CollectForAllocation
Event: 4.290 Executing VM operation: G1CollectForAllocation done
Event: 4.290 Executing VM operation: G1CollectForAllocation
Event: 4.293 Executing VM operation: G1CollectForAllocation done
Event: 4.294 Executing VM operation: G1CollectForAllocation
Event: 4.298 Executing VM operation: G1CollectForAllocation done
Event: 4.299 Executing VM operation: G1CollectForAllocation
Event: 4.306 Executing VM operation: G1CollectForAllocation done
Event: 4.306 Executing VM operation: G1CollectForAllocation
Event: 4.313 Executing VM operation: G1CollectForAllocation done
Event: 4.320 Executing VM operation: G1CollectForAllocation
Event: 4.324 Executing VM operation: G1CollectForAllocation done
Event: 4.325 Executing VM operation: G1CollectForAllocation
Event: 4.330 Executing VM operation: G1CollectForAllocation done
Event: 4.331 Executing VM operation: G1CollectForAllocation
Event: 4.336 Executing VM operation: G1CollectForAllocation done
Event: 4.337 Executing VM operation: G1CollectForAllocation


Dynamic libraries:
0x00007ff600a00000 - 0x00007ff600a0f000 	C:\Program Files\Java\jdk-13.0.2\bin\javaw.exe
0x00007ffd9dcc0000 - 0x00007ffd9deb0000 	C:\Windows\SYSTEM32\ntdll.dll
0x00007ffd9d1f0000 - 0x00007ffd9d2a2000 	C:\Windows\System32\KERNEL32.DLL
0x00007ffd9af40000 - 0x00007ffd9b1e5000 	C:\Windows\System32\KERNELBASE.dll
0x00007ffd9b210000 - 0x00007ffd9b30a000 	C:\Windows\System32\ucrtbase.dll
0x00007ffd8a150000 - 0x00007ffd8a165000 	C:\Program Files\Java\jdk-13.0.2\bin\VCRUNTIME140.dll
0x00007ffd959a0000 - 0x00007ffd959b8000 	C:\Program Files\Java\jdk-13.0.2\bin\jli.dll
0x00007ffd9d4f0000 - 0x00007ffd9d593000 	C:\Windows\System32\ADVAPI32.dll
0x00007ffd9d450000 - 0x00007ffd9d4ee000 	C:\Windows\System32\msvcrt.dll
0x00007ffd9d710000 - 0x00007ffd9d7a7000 	C:\Windows\System32\sechost.dll
0x00007ffd9d9a0000 - 0x00007ffd9dac0000 	C:\Windows\System32\RPCRT4.dll
0x00007ffd9d2b0000 - 0x00007ffd9d444000 	C:\Windows\System32\USER32.dll
0x00007ffd9b3b0000 - 0x00007ffd9b3d1000 	C:\Windows\System32\win32u.dll
0x00007ffd9d6e0000 - 0x00007ffd9d706000 	C:\Windows\System32\GDI32.dll
0x00007ffd8b290000 - 0x00007ffd8b514000 	C:\Windows\WinSxS\amd64_microsoft.windows.common-controls_6595b64144ccf1df_6.0.18362.1198_none_9e820b57e45ad92f\COMCTL32.dll
0x00007ffd9acf0000 - 0x00007ffd9ae86000 	C:\Windows\System32\gdi32full.dll
0x00007ffd9b310000 - 0x00007ffd9b3ae000 	C:\Windows\System32\msvcp_win.dll
0x00007ffd9cd70000 - 0x00007ffd9d0a5000 	C:\Windows\System32\combase.dll
0x00007ffd9ac70000 - 0x00007ffd9acf0000 	C:\Windows\System32\bcryptPrimitives.dll
0x00007ffd96370000 - 0x00007ffd9637a000 	C:\Windows\SYSTEM32\VERSION.dll
0x00007ffd9c010000 - 0x00007ffd9c03e000 	C:\Windows\System32\IMM32.DLL
0x00007ffd5c110000 - 0x00007ffd5c1ab000 	C:\Program Files\Java\jdk-13.0.2\bin\msvcp140.dll
0x00007ffd4cab0000 - 0x00007ffd4d60d000 	C:\Program Files\Java\jdk-13.0.2\bin\server\jvm.dll
0x00007ffd9dc70000 - 0x00007ffd9dc78000 	C:\Windows\System32\PSAPI.DLL
0x00007ffd87cd0000 - 0x00007ffd87cd9000 	C:\Windows\SYSTEM32\WSOCK32.dll
0x00007ffd93d60000 - 0x00007ffd93d84000 	C:\Windows\SYSTEM32\WINMM.dll
0x0000013f2edf0000 - 0x0000013f2ee5f000 	C:\Windows\System32\ws2_32.DLL
0x00007ffd93d30000 - 0x00007ffd93d5d000 	C:\Windows\SYSTEM32\WINMMBASE.dll
0x00007ffd9b3e0000 - 0x00007ffd9b42a000 	C:\Windows\System32\cfgmgr32.dll
0x00007ffd9aba0000 - 0x00007ffd9abb1000 	C:\Windows\System32\kernel.appcore.dll
0x00007ffd8bf80000 - 0x00007ffd8bf90000 	C:\Program Files\Java\jdk-13.0.2\bin\verify.dll
0x00007ffd993f0000 - 0x00007ffd995e4000 	C:\Windows\SYSTEM32\DBGHELP.DLL
0x00007ffd7f0e0000 - 0x00007ffd7f10a000 	C:\Windows\SYSTEM32\dbgcore.DLL
0x00007ffd62a00000 - 0x00007ffd62a26000 	C:\Program Files\Java\jdk-13.0.2\bin\java.dll
0x00007ffd75600000 - 0x00007ffd75617000 	C:\Program Files\Java\jdk-13.0.2\bin\zip.dll
0x00007ffd8a910000 - 0x00007ffd8a91a000 	C:\Program Files\Java\jdk-13.0.2\bin\jimage.dll
0x00007ffd9c120000 - 0x00007ffd9c807000 	C:\Windows\System32\SHELL32.dll
0x00007ffd9bdd0000 - 0x00007ffd9be79000 	C:\Windows\System32\shcore.dll
0x00007ffd9b5e0000 - 0x00007ffd9bd61000 	C:\Windows\System32\windows.storage.dll
0x00007ffd9abc0000 - 0x00007ffd9abe3000 	C:\Windows\System32\profapi.dll
0x00007ffd9abf0000 - 0x00007ffd9ac3a000 	C:\Windows\System32\powrprof.dll
0x00007ffd9ab70000 - 0x00007ffd9ab80000 	C:\Windows\System32\UMPDC.dll
0x00007ffd9bd70000 - 0x00007ffd9bdc2000 	C:\Windows\System32\shlwapi.dll
0x00007ffd9b1f0000 - 0x00007ffd9b207000 	C:\Windows\System32\cryptsp.dll
0x00007ffd752b0000 - 0x00007ffd752c9000 	C:\Program Files\Java\jdk-13.0.2\bin\net.dll
0x00007ffd8ae10000 - 0x00007ffd8af00000 	C:\Windows\SYSTEM32\WINHTTP.dll
0x00007ffd9a310000 - 0x00007ffd9a377000 	C:\Windows\system32\mswsock.dll
0x00007ffd74fa0000 - 0x00007ffd74fb3000 	C:\Program Files\Java\jdk-13.0.2\bin\nio.dll
0x00007ffd6b080000 - 0x00007ffd6b219000 	C:\Program Files\Java\jdk-13.0.2\bin\awt.dll
0x00007ffd9d120000 - 0x00007ffd9d1e5000 	C:\Windows\System32\OLEAUT32.dll
0x00007ffd952b0000 - 0x00007ffd9533f000 	C:\Windows\SYSTEM32\apphelp.dll
0x00007ffd987b0000 - 0x00007ffd987dd000 	C:\Windows\system32\DWMAPI.DLL
0x00007ffd98450000 - 0x00007ffd984e9000 	C:\Windows\system32\uxtheme.dll
0x00007ffd82d80000 - 0x00007ffd82ed6000 	C:\Windows\system32\opengl32.dll
0x00007ffd82d30000 - 0x00007ffd82d5c000 	C:\Windows\SYSTEM32\GLU32.dll
0x00007ffd99750000 - 0x00007ffd99770000 	C:\Windows\SYSTEM32\dxcore.dll
0x00007ffd9d5a0000 - 0x00007ffd9d6d5000 	C:\Windows\System32\MSCTF.dll
0x00007ffd9d820000 - 0x00007ffd9d977000 	C:\Windows\System32\ole32.dll
0x00007ffd6f910000 - 0x00007ffd6f926000 	C:\Windows\system32\napinsp.dll
0x00007ffd6e0e0000 - 0x00007ffd6e0fa000 	C:\Windows\system32\pnrpnsp.dll
0x00007ffd9a070000 - 0x00007ffd9a13b000 	C:\Windows\SYSTEM32\DNSAPI.dll
0x00007ffd9be80000 - 0x00007ffd9be88000 	C:\Windows\System32\NSI.dll
0x00007ffd9a030000 - 0x00007ffd9a06a000 	C:\Windows\SYSTEM32\IPHLPAPI.DLL
0x00007ffd8a820000 - 0x00007ffd8a82e000 	C:\Windows\System32\winrnr.dll
0x00007ffd95980000 - 0x00007ffd9599c000 	C:\Windows\system32\NLAapi.dll
0x00007ffd6ab50000 - 0x00007ffd6ab65000 	C:\Windows\system32\wshbth.dll
0x00007ffd8ad90000 - 0x00007ffd8ad9a000 	C:\Windows\System32\rasadhlp.dll
0x00007ffd956f0000 - 0x00007ffd95767000 	C:\Windows\System32\fwpuclnt.dll
0x00007ffd9ac40000 - 0x00007ffd9ac66000 	C:\Windows\System32\bcrypt.dll
0x00007ffd99e90000 - 0x00007ffd99ec3000 	C:\Windows\system32\rsaenh.dll
0x00007ffd9aa90000 - 0x00007ffd9aab5000 	C:\Windows\SYSTEM32\USERENV.dll
0x00007ffd9a490000 - 0x00007ffd9a49c000 	C:\Windows\SYSTEM32\CRYPTBASE.dll
0x00007ffd958f0000 - 0x00007ffd95906000 	C:\Windows\SYSTEM32\dhcpcsvc6.DLL
0x00007ffd958d0000 - 0x00007ffd958ec000 	C:\Windows\SYSTEM32\dhcpcsvc.DLL
0x00007ffd8a600000 - 0x00007ffd8a60e000 	C:\Program Files\Java\jdk-13.0.2\bin\sunmscapi.dll
0x00007ffd9b430000 - 0x00007ffd9b579000 	C:\Windows\System32\CRYPT32.dll
0x00007ffd9ab80000 - 0x00007ffd9ab92000 	C:\Windows\System32\MSASN1.dll
0x00007ffd9a690000 - 0x00007ffd9a6b6000 	C:\Windows\SYSTEM32\ncrypt.dll
0x00007ffd9a640000 - 0x00007ffd9a67b000 	C:\Windows\SYSTEM32\NTASN1.dll
0x00007ffd61980000 - 0x00007ffd619a5000 	C:\Program Files\Java\jdk-13.0.2\bin\sunec.dll
0x00007ffd977b0000 - 0x00007ffd977dd000 	C:\Program Files\Java\jdk-13.0.2\bin\javajpeg.dll

dbghelp: loaded successfully - version: 4.0.5 - missing functions: none
symbol engine: initialized successfully - sym options: 0x614 - pdb path: .;C:\Program Files\Java\jdk-13.0.2\bin;C:\Windows\SYSTEM32;C:\Windows\WinSxS\amd64_microsoft.windows.common-controls_6595b64144ccf1df_6.0.18362.1198_none_9e820b57e45ad92f;C:\Program Files\Java\jdk-13.0.2\bin\server

VM Arguments:
jvm_args: -Dfile.encoding=MS932 --module-path=F:\DemoGUI\SQL\mssql-jdbc-8.2.2.jre13.jar 
java_command: Manager.Main
java_class_path (initial): F:\DemoGUI\bin;F:\DemoGUI\jgoodies-forms-1.8.0.jar;F:\DemoGUI\jgoodies-forms-1.8.0-sources.jar
Launcher Type: SUN_STANDARD

[Global flags]
     intx CICompilerCount                          = 3                                         {product} {ergonomic}
     uint ConcGCThreads                            = 1                                         {product} {ergonomic}
     uint G1ConcRefinementThreads                  = 4                                         {product} {ergonomic}
   size_t G1HeapRegionSize                         = 1048576                                   {product} {ergonomic}
    uintx GCDrainStackTargetSize                   = 64                                        {product} {ergonomic}
   size_t InitialHeapSize                          = 132120576                                 {product} {ergonomic}
   size_t MarkStackSize                            = 4194304                                   {product} {ergonomic}
   size_t MaxHeapSize                              = 2113929216                                {product} {ergonomic}
   size_t MaxNewSize                               = 1267728384                                {product} {ergonomic}
   size_t MinHeapDeltaBytes                        = 1048576                                   {product} {ergonomic}
   size_t MinHeapSize                              = 8388608                                   {product} {ergonomic}
    uintx NonNMethodCodeHeapSize                   = 5832780                                {pd product} {ergonomic}
    uintx NonProfiledCodeHeapSize                  = 122912730                              {pd product} {ergonomic}
    uintx ProfiledCodeHeapSize                     = 122912730                              {pd product} {ergonomic}
    uintx ReservedCodeCacheSize                    = 251658240                              {pd product} {ergonomic}
     bool SegmentedCodeCache                       = true                                      {product} {ergonomic}
   size_t SoftMaxHeapSize                          = 2113929216                             {manageable} {ergonomic}
     bool UseCompressedClassPointers               = true                                 {lp64_product} {ergonomic}
     bool UseCompressedOops                        = true                                 {lp64_product} {ergonomic}
     bool UseG1GC                                  = true                                      {product} {ergonomic}
     bool UseLargePagesIndividualAllocation        = false                                  {pd product} {ergonomic}

Logging:
Log output configuration:
 #0: stdout all=warning uptime,level,tags
 #1: stderr all=off uptime,level,tags

Environment Variables:
JAVA_HOME=C:\Program Files\Java\jdk-13.0.2
PATH=C:/Program Files/Java/jdk-13.0.2/bin/server;C:/Program Files/Java/jdk-13.0.2/bin;C:\Windows\system32;C:\Windows;C:\Windows\System32\Wbem;C:\Windows\System32\WindowsPowerShell\v1.0\;C:\Windows\System32\OpenSSH\;C:\Program Files\Microsoft SQL Server\Client SDK\ODBC\170\Tools\Binn\;E:\MinGW\MinGW\bin;C:\Users\Admin\AppData\Local\Programs\Microsoft VS Code\bin;C:\Program Files\Java\jdk-13.0.2\bin;C:\Program Files\Microsoft VS Code\bin;C:\Program Files\Microsoft SQL Server\120\DTS\Binn\;C:\Program Files\Microsoft SQL Server\Client SDK\ODBC\110\Tools\Binn\;C:\Program Files (x86)\Microsoft SQL Server\120\Tools\Binn\;C:\Program Files\Microsoft SQL Server\120\Tools\Binn\;C:\Program Files (x86)\Microsoft SQL Server\120\Tools\Binn\ManagementStudio\;C:\Program Files (x86)\Microsoft SQL Server\120\DTS\Binn\;C:\Program Files\nodejs\;F:\apache-maven-3.6.3\bin;F:\Ruby\rubyinstaller-2.7.1-1-x64\bin;C:\Program Files (x86)\Yarn\bin\;C:\Program Files\Git\cmd;C:\Program Files\heroku\;C:\ProgramData\ComposerSetup\bin;C:\Windows\system32\config\systemprofile\AppData\Roaming\Composer\vendor\bin;C:\Users\Admin\AppData\Local\Microsoft\WindowsApps;E:\MinGW\MinGW\bin;C:\Program Files\Java\jdk-13.0.2\bin;C:\Users\Admin\AppData\Roaming\npm;C:\Users\Admin\AppData\Local\GitHubDesktop\bin;C:\Users\Admin\AppData\Local\Yarn\bin;C:\Users\Admin\AppData\Local\atom\bin;C:\Program Files\heroku\bin;F:\JetBrains\PhpStorm 2020.2.1\bin;;F:\PHP\xampp\php;C:\Users\Admin\AppData\Roaming\Composer\vendor\bin;C:\Users\Admin\Desktop;
USERNAME=Admin
OS=Windows_NT
PROCESSOR_IDENTIFIER=Intel64 Family 6 Model 142 Stepping 9, GenuineIntel



---------------  S Y S T E M  ---------------

OS: Windows 10 , 64 bit Build 18362 (10.0.18362.1110)
HyperV virtualization detected

CPU:total 4 (initial active 4) (2 cores per cpu, 2 threads per core) family 6 model 142 stepping 9, cmov, cx8, fxsr, mmx, sse, sse2, sse3, ssse3, sse4.1, sse4.2, popcnt, avx, avx2, aes, clmul, erms, 3dnowpref, lzcnt, ht, tsc, tscinvbit, bmi1, bmi2, adx, fma

Memory: 4k page, system-wide physical 8058M (1109M free)
TotalPageFile size 21024M (AvailPageFile size 52M)
current process WorkingSet (physical memory assigned to process): 272M, peak: 272M
current process commit charge ("private bytes"): 311M, peak: 717M

vm_info: Java HotSpot(TM) 64-Bit Server VM (13.0.2+8) for windows-amd64 JRE (13.0.2+8), built on Dec 11 2019 09:20:33 by "mach5one" with unknown MS VC++:1916

END.
