#
# There is insufficient memory for the Java Runtime Environment to continue.
# Native memory allocation (mmap) failed to map 132120576 bytes for Failed to commit area from 0x0000000082000000 to 0x0000000089e00000 of length 132120576.
# Possible reasons:
#   The system is out of physical RAM or swap space
#   The process is running with CompressedOops enabled, and the Java Heap may be blocking the growth of the native heap
# Possible solutions:
#   Reduce memory load on the system
#   Increase physical memory or swap space
#   Check if swap backing store is full
#   Decrease Java heap size (-Xmx/-Xms)
#   Decrease number of Java threads
#   Decrease Java thread stack sizes (-Xss)
#   Set larger code cache with -XX:ReservedCodeCacheSize=
# This output file may be truncated or incomplete.
#
#  Out of Memory Error (t:/workspace/open/src/hotspot/os/windows/os_windows.cpp:3301), pid=19012, tid=18708
#
# JRE version:  (13.0.2+8) (build )
# Java VM: Java HotSpot(TM) 64-Bit Server VM (13.0.2+8, mixed mode, aot, sharing, tiered, compressed oops, g1 gc, windows-amd64)
# No core dump will be written. Minidumps are not enabled by default on client versions of Windows
#

---------------  S U M M A R Y ------------

Command Line: -Dfile.encoding=MS932 --module-path=F:\DemoGUI\SQL\mssql-jdbc-8.2.2.jre13.jar Manager.Main

Host: Intel(R) Core(TM) i5-7200U CPU @ 2.50GHz, 4 cores, 7G,  Windows 10 , 64 bit Build 18362 (10.0.18362.1110)
Time: Thu Dec 17 23:47:56 2020 SE Asia Standard Time elapsed time: 0 seconds (0d 0h 0m 0s)

---------------  T H R E A D  ---------------

Current thread (0x000001496f39b800):  JavaThread "Unknown thread" [_thread_in_vm, id=18708, stack(0x000000458e900000,0x000000458ea00000)]

Stack: [0x000000458e900000,0x000000458ea00000]
Native frames: (J=compiled Java code, j=interpreted, Vv=VM code, C=native code)
V  [jvm.dll+0x624f9a]
V  [jvm.dll+0x770cfa]
V  [jvm.dll+0x7724af]
V  [jvm.dll+0x772ab3]
V  [jvm.dll+0x24bf08]
V  [jvm.dll+0x6222aa]
V  [jvm.dll+0x6170b5]
V  [jvm.dll+0x30a88c]
V  [jvm.dll+0x30a6c2]
V  [jvm.dll+0x30fe36]
V  [jvm.dll+0x353f46]
V  [jvm.dll+0x353720]
V  [jvm.dll+0x2e550a]
V  [jvm.dll+0x2e67a2]
V  [jvm.dll+0x74dd78]
V  [jvm.dll+0x361989]
V  [jvm.dll+0x730e65]
V  [jvm.dll+0x3cc53f]
V  [jvm.dll+0x3ce861]
C  [jli.dll+0x51ff]
C  [ucrtbase.dll+0x210b2]
C  [KERNEL32.DLL+0x17c24]
C  [ntdll.dll+0x6d4d1]


---------------  P R O C E S S  ---------------

Threads class SMR info:
_java_thread_list=0x00007ffd4d56ccb8, length=0, elements={
}

Java Threads: ( => current thread )

Other Threads:
  0x000001496f3e0800 GCTaskThread "GC Thread#0" [stack: 0x000000458ea00000,0x000000458eb00000] [id=19588]
  0x000001496f3f2800 ConcurrentGCThread "G1 Main Marker" [stack: 0x000000458eb00000,0x000000458ec00000] [id=17892]
  0x000001496f3f3800 ConcurrentGCThread "G1 Conc#0" [stack: 0x000000458ec00000,0x000000458ed00000] [id=20108]

[error occurred during error reporting (printing all threads), id 0xc0000005, EXCEPTION_ACCESS_VIOLATION (0xc0000005) at pc=0x00007ffd4cda51d7]

VM state:not at safepoint (not fully initialized)

VM Mutex/Monitor currently owned by a thread:  ([mutex/lock_event])
[0x000001496f3978c0] Heap_lock - owner thread: 0x000001496f39b800

Heap address: 0x0000000082000000, size: 2016 MB, Compressed Oops mode: Non-zero based: 0x0000000082000000
Narrow klass base: 0x0000000000000000, Narrow klass shift: 0

GC Heap History (0 events):
No events

Deoptimization events (0 events):
No events

Classes unloaded (0 events):
No events

Classes redefined (0 events):
No events

Internal exceptions (0 events):
No events

Events (8 events):
Event: 0.008 Loaded shared library C:\Program Files\Java\jdk-13.0.2\bin\zip.dll
Event: 0.009 Loaded shared library C:\Program Files\Java\jdk-13.0.2\bin\jimage.dll
Event: 0.011 Loading shared library C:\Program Files\Java\jdk-13.0.2\lib\libjava.base-coop.dll failed, error code 126
Event: 0.011 Loading shared library C:\Program Files\Java\jdk-13.0.2\lib\libjava.logging-coop.dll failed, error code 126
Event: 0.011 Loading shared library C:\Program Files\Java\jdk-13.0.2\lib\libjdk.compiler-coop.dll failed, error code 126
Event: 0.011 Loading shared library C:\Program Files\Java\jdk-13.0.2\lib\libjdk.scripting.nashorn-coop.dll failed, error code 126
Event: 0.011 Loading shared library C:\Program Files\Java\jdk-13.0.2\lib\libjdk.internal.vm.ci-coop.dll failed, error code 126
Event: 0.011 Loading shared library C:\Program Files\Java\jdk-13.0.2\lib\libjdk.internal.vm.compiler-coop.dll failed, error code 126


Dynamic libraries:
0x00007ff600a00000 - 0x00007ff600a0f000 	C:\Program Files\Java\jdk-13.0.2\bin\javaw.exe
0x00007ffd9dcc0000 - 0x00007ffd9deb0000 	C:\Windows\SYSTEM32\ntdll.dll
0x00007ffd9d1f0000 - 0x00007ffd9d2a2000 	C:\Windows\System32\KERNEL32.DLL
0x00007ffd9af40000 - 0x00007ffd9b1e5000 	C:\Windows\System32\KERNELBASE.dll
0x00007ffd9b210000 - 0x00007ffd9b30a000 	C:\Windows\System32\ucrtbase.dll
0x00007ffd8a150000 - 0x00007ffd8a165000 	C:\Program Files\Java\jdk-13.0.2\bin\VCRUNTIME140.dll
0x00007ffd959a0000 - 0x00007ffd959b8000 	C:\Program Files\Java\jdk-13.0.2\bin\jli.dll
0x00007ffd9d4f0000 - 0x00007ffd9d593000 	C:\Windows\System32\ADVAPI32.dll
0x00007ffd9d450000 - 0x00007ffd9d4ee000 	C:\Windows\System32\msvcrt.dll
0x00007ffd9d710000 - 0x00007ffd9d7a7000 	C:\Windows\System32\sechost.dll
0x00007ffd9d9a0000 - 0x00007ffd9dac0000 	C:\Windows\System32\RPCRT4.dll
0x00007ffd9d2b0000 - 0x00007ffd9d444000 	C:\Windows\System32\USER32.dll
0x00007ffd9b3b0000 - 0x00007ffd9b3d1000 	C:\Windows\System32\win32u.dll
0x00007ffd8b290000 - 0x00007ffd8b514000 	C:\Windows\WinSxS\amd64_microsoft.windows.common-controls_6595b64144ccf1df_6.0.18362.1198_none_9e820b57e45ad92f\COMCTL32.dll
0x00007ffd9d6e0000 - 0x00007ffd9d706000 	C:\Windows\System32\GDI32.dll
0x00007ffd9cd70000 - 0x00007ffd9d0a5000 	C:\Windows\System32\combase.dll
0x00007ffd9acf0000 - 0x00007ffd9ae86000 	C:\Windows\System32\gdi32full.dll
0x00007ffd9ac70000 - 0x00007ffd9acf0000 	C:\Windows\System32\bcryptPrimitives.dll
0x00007ffd9b310000 - 0x00007ffd9b3ae000 	C:\Windows\System32\msvcp_win.dll
0x00007ffd96370000 - 0x00007ffd9637a000 	C:\Windows\SYSTEM32\VERSION.dll
0x00007ffd9c010000 - 0x00007ffd9c03e000 	C:\Windows\System32\IMM32.DLL
0x00007ffd5c110000 - 0x00007ffd5c1ab000 	C:\Program Files\Java\jdk-13.0.2\bin\msvcp140.dll
0x00007ffd4cab0000 - 0x00007ffd4d60d000 	C:\Program Files\Java\jdk-13.0.2\bin\server\jvm.dll
0x00007ffd9dc70000 - 0x00007ffd9dc78000 	C:\Windows\System32\PSAPI.DLL
0x00007ffd87cd0000 - 0x00007ffd87cd9000 	C:\Windows\SYSTEM32\WSOCK32.dll
0x00007ffd93d60000 - 0x00007ffd93d84000 	C:\Windows\SYSTEM32\WINMM.dll
0x00007ffd93d30000 - 0x00007ffd93d5d000 	C:\Windows\SYSTEM32\WINMMBASE.dll
0x00007ffd9b3e0000 - 0x00007ffd9b42a000 	C:\Windows\System32\cfgmgr32.dll
0x000001496d330000 - 0x000001496d39f000 	C:\Windows\System32\ws2_32.DLL
0x00007ffd9aba0000 - 0x00007ffd9abb1000 	C:\Windows\System32\kernel.appcore.dll
0x00007ffd8bf80000 - 0x00007ffd8bf90000 	C:\Program Files\Java\jdk-13.0.2\bin\verify.dll
0x00007ffd993f0000 - 0x00007ffd995e4000 	C:\Windows\SYSTEM32\DBGHELP.DLL
0x00007ffd7f0e0000 - 0x00007ffd7f10a000 	C:\Windows\SYSTEM32\dbgcore.DLL
0x00007ffd62a00000 - 0x00007ffd62a26000 	C:\Program Files\Java\jdk-13.0.2\bin\java.dll
0x00007ffd75600000 - 0x00007ffd75617000 	C:\Program Files\Java\jdk-13.0.2\bin\zip.dll
0x00007ffd8a910000 - 0x00007ffd8a91a000 	C:\Program Files\Java\jdk-13.0.2\bin\jimage.dll

dbghelp: loaded successfully - version: 4.0.5 - missing functions: none
symbol engine: initialized successfully - sym options: 0x614 - pdb path: .;C:\Program Files\Java\jdk-13.0.2\bin;C:\Windows\SYSTEM32;C:\Windows\WinSxS\amd64_microsoft.windows.common-controls_6595b64144ccf1df_6.0.18362.1198_none_9e820b57e45ad92f;C:\Program Files\Java\jdk-13.0.2\bin\server

VM Arguments:
jvm_args: -Dfile.encoding=MS932 --module-path=F:\DemoGUI\SQL\mssql-jdbc-8.2.2.jre13.jar 
java_command: Manager.Main
java_class_path (initial): F:\DemoGUI\bin;F:\DemoGUI\jgoodies-forms-1.8.0.jar;F:\DemoGUI\jgoodies-forms-1.8.0-sources.jar
Launcher Type: SUN_STANDARD

[Global flags]
     intx CICompilerCount                          = 3                                         {product} {ergonomic}
     uint ConcGCThreads                            = 1                                         {product} {ergonomic}
     uint G1ConcRefinementThreads                  = 4                                         {product} {ergonomic}
   size_t G1HeapRegionSize                         = 1048576                                   {product} {ergonomic}
    uintx GCDrainStackTargetSize                   = 64                                        {product} {ergonomic}
   size_t InitialHeapSize                          = 132120576                                 {product} {ergonomic}
   size_t MarkStackSize                            = 4194304                                   {product} {ergonomic}
   size_t MaxHeapSize                              = 2113929216                                {product} {ergonomic}
   size_t MinHeapDeltaBytes                        = 1048576                                   {product} {ergonomic}
   size_t MinHeapSize                              = 8388608                                   {product} {ergonomic}
    uintx NonNMethodCodeHeapSize                   = 5832780                                {pd product} {ergonomic}
    uintx NonProfiledCodeHeapSize                  = 122912730                              {pd product} {ergonomic}
    uintx ProfiledCodeHeapSize                     = 122912730                              {pd product} {ergonomic}
    uintx ReservedCodeCacheSize                    = 251658240                              {pd product} {ergonomic}
     bool SegmentedCodeCache                       = true                                      {product} {ergonomic}
   size_t SoftMaxHeapSize                          = 2113929216                             {manageable} {ergonomic}
     bool UseCompressedClassPointers               = true                                 {lp64_product} {ergonomic}
     bool UseCompressedOops                        = true                                 {lp64_product} {ergonomic}
     bool UseG1GC                                  = true                                      {product} {ergonomic}
     bool UseLargePagesIndividualAllocation        = false                                  {pd product} {ergonomic}

Logging:
Log output configuration:
 #0: stdout all=warning uptime,level,tags
 #1: stderr all=off uptime,level,tags

Environment Variables:
JAVA_HOME=C:\Program Files\Java\jdk-13.0.2
PATH=C:/Program Files/Java/jdk-13.0.2/bin/server;C:/Program Files/Java/jdk-13.0.2/bin;C:\Windows\system32;C:\Windows;C:\Windows\System32\Wbem;C:\Windows\System32\WindowsPowerShell\v1.0\;C:\Windows\System32\OpenSSH\;C:\Program Files\Microsoft SQL Server\Client SDK\ODBC\170\Tools\Binn\;E:\MinGW\MinGW\bin;C:\Users\Admin\AppData\Local\Programs\Microsoft VS Code\bin;C:\Program Files\Java\jdk-13.0.2\bin;C:\Program Files\Microsoft VS Code\bin;C:\Program Files\Microsoft SQL Server\120\DTS\Binn\;C:\Program Files\Microsoft SQL Server\Client SDK\ODBC\110\Tools\Binn\;C:\Program Files (x86)\Microsoft SQL Server\120\Tools\Binn\;C:\Program Files\Microsoft SQL Server\120\Tools\Binn\;C:\Program Files (x86)\Microsoft SQL Server\120\Tools\Binn\ManagementStudio\;C:\Program Files (x86)\Microsoft SQL Server\120\DTS\Binn\;C:\Program Files\nodejs\;F:\apache-maven-3.6.3\bin;F:\Ruby\rubyinstaller-2.7.1-1-x64\bin;C:\Program Files (x86)\Yarn\bin\;C:\Program Files\Git\cmd;C:\Program Files\heroku\;C:\ProgramData\ComposerSetup\bin;C:\Windows\system32\config\systemprofile\AppData\Roaming\Composer\vendor\bin;C:\Users\Admin\AppData\Local\Microsoft\WindowsApps;E:\MinGW\MinGW\bin;C:\Program Files\Java\jdk-13.0.2\bin;C:\Users\Admin\AppData\Roaming\npm;C:\Users\Admin\AppData\Local\GitHubDesktop\bin;C:\Users\Admin\AppData\Local\Yarn\bin;C:\Users\Admin\AppData\Local\atom\bin;C:\Program Files\heroku\bin;F:\JetBrains\PhpStorm 2020.2.1\bin;;F:\PHP\xampp\php;C:\Users\Admin\AppData\Roaming\Composer\vendor\bin;C:\Users\Admin\Desktop;
USERNAME=Admin
OS=Windows_NT
PROCESSOR_IDENTIFIER=Intel64 Family 6 Model 142 Stepping 9, GenuineIntel



---------------  S Y S T E M  ---------------

OS: Windows 10 , 64 bit Build 18362 (10.0.18362.1110)
HyperV virtualization detected

CPU:total 4 (initial active 4) (2 cores per cpu, 2 threads per core) family 6 model 142 stepping 9, cmov, cx8, fxsr, mmx, sse, sse2, sse3, ssse3, sse4.1, sse4.2, popcnt, avx, avx2, aes, clmul, erms, 3dnowpref, lzcnt, ht, tsc, tscinvbit, bmi1, bmi2, adx, fma

Memory: 4k page, system-wide physical 8058M (1331M free)
TotalPageFile size 21024M (AvailPageFile size 37M)
current process WorkingSet (physical memory assigned to process): 10M, peak: 10M
current process commit charge ("private bytes"): 52M, peak: 178M

vm_info: Java HotSpot(TM) 64-Bit Server VM (13.0.2+8) for windows-amd64 JRE (13.0.2+8), built on Dec 11 2019 09:20:33 by "mach5one" with unknown MS VC++:1916

END.
